  [1m[36m (17.8ms)[0m  [1mCREATE TABLE "schema_migrations" ("version" character varying(255) NOT NULL) [0m
  [1m[35m (17.3ms)[0m  CREATE UNIQUE INDEX "unique_schema_migrations" ON "schema_migrations" ("version")
  [1m[36mActiveRecord::SchemaMigration Load (0.6ms)[0m  [1mSELECT "schema_migrations".* FROM "schema_migrations"[0m
Migrating to CreatePosts (20140310201408)
  [1m[35m (0.1ms)[0m  BEGIN
  [1m[36m (20.9ms)[0m  [1mCREATE TABLE "posts" ("id" serial primary key, "slug" character varying(255), "title" character varying(255), "content" text, "is_published" boolean DEFAULT 'f', "created_at" timestamp, "updated_at" timestamp) [0m
  [1m[35mSQL (16.5ms)[0m  INSERT INTO "schema_migrations" ("version") VALUES ($1)  [["version", "20140310201408"]]
  [1m[36m (15.8ms)[0m  [1mCOMMIT[0m
  [1m[35mActiveRecord::SchemaMigration Load (0.5ms)[0m  SELECT "schema_migrations".* FROM "schema_migrations"
  [1m[36mActiveRecord::SchemaMigration Load (0.6ms)[0m  [1mSELECT "schema_migrations".* FROM "schema_migrations"[0m


Started GET "/" for 127.0.0.1 at 2014-03-11 15:56:01 -0500
  [1m[36mActiveRecord::SchemaMigration Load (0.5ms)[0m  [1mSELECT "schema_migrations".* FROM "schema_migrations"[0m
Processing by HomeController#index as HTML
  [1m[35m (0.6ms)[0m  SELECT COUNT(count_column) FROM (SELECT 1 AS count_column FROM "posts" LIMIT 5) subquery_for_count
  Rendered home/index.html.erb within layouts/application (24.2ms)
Completed 200 OK in 668ms (Views: 636.5ms | ActiveRecord: 2.5ms)


Started GET "/assets/application.css?body=1" for 127.0.0.1 at 2014-03-11 15:56:02 -0500


Started GET "/assets/application.js?body=1" for 127.0.0.1 at 2014-03-11 15:56:02 -0500


Started GET "/assets/jquery_ujs.js?body=1" for 127.0.0.1 at 2014-03-11 15:56:02 -0500


Started GET "/assets/turbolinks.js?body=1" for 127.0.0.1 at 2014-03-11 15:56:02 -0500


Started GET "/assets/jquery.js?body=1" for 127.0.0.1 at 2014-03-11 15:56:02 -0500


Started GET "/" for 127.0.0.1 at 2014-03-11 16:01:42 -0500
Processing by HomeController#index as HTML
  [1m[36m (0.3ms)[0m  [1mSELECT COUNT(count_column) FROM (SELECT 1 AS count_column FROM "posts" LIMIT 5) subquery_for_count[0m
  Rendered home/index.html.erb within layouts/application (3.8ms)
Completed 200 OK in 11ms (Views: 6.5ms | ActiveRecord: 2.0ms)


Started GET "/assets/application.css?body=1" for 127.0.0.1 at 2014-03-11 16:01:42 -0500


Started GET "/assets/jquery.js?body=1" for 127.0.0.1 at 2014-03-11 16:01:42 -0500


Started GET "/assets/turbolinks.js?body=1" for 127.0.0.1 at 2014-03-11 16:01:42 -0500


Started GET "/assets/application.js?body=1" for 127.0.0.1 at 2014-03-11 16:01:42 -0500


Started GET "/assets/jquery_ujs.js?body=1" for 127.0.0.1 at 2014-03-11 16:01:42 -0500


Started GET "/" for 127.0.0.1 at 2014-03-11 16:01:44 -0500
Processing by HomeController#index as HTML
  [1m[35m (0.4ms)[0m  SELECT COUNT(count_column) FROM (SELECT 1 AS count_column FROM "posts" LIMIT 5) subquery_for_count
  Rendered home/index.html.erb within layouts/application (1.3ms)
Completed 200 OK in 5ms (Views: 4.2ms | ActiveRecord: 0.4ms)


Started GET "/assets/application.css?body=1" for 127.0.0.1 at 2014-03-11 16:01:44 -0500


Started GET "/assets/jquery_ujs.js?body=1" for 127.0.0.1 at 2014-03-11 16:01:44 -0500


Started GET "/assets/jquery.js?body=1" for 127.0.0.1 at 2014-03-11 16:01:44 -0500


Started GET "/assets/turbolinks.js?body=1" for 127.0.0.1 at 2014-03-11 16:01:44 -0500


Started GET "/assets/application.js?body=1" for 127.0.0.1 at 2014-03-11 16:01:44 -0500


Started GET "/" for 127.0.0.1 at 2014-03-11 16:11:21 -0500
Processing by HomeController#index as HTML
  [1m[36m (0.2ms)[0m  [1mSELECT COUNT(count_column) FROM (SELECT 1 AS count_column FROM "posts" LIMIT 5) subquery_for_count[0m
  Rendered home/index.html.erb within layouts/application (3.1ms)
Completed 200 OK in 10ms (Views: 5.8ms | ActiveRecord: 1.6ms)


Started GET "/assets/application.css?body=1" for 127.0.0.1 at 2014-03-11 16:11:21 -0500


Started GET "/assets/jquery.js?body=1" for 127.0.0.1 at 2014-03-11 16:11:21 -0500


Started GET "/assets/turbolinks.js?body=1" for 127.0.0.1 at 2014-03-11 16:11:21 -0500


Started GET "/assets/jquery_ujs.js?body=1" for 127.0.0.1 at 2014-03-11 16:11:21 -0500


Started GET "/assets/application.js?body=1" for 127.0.0.1 at 2014-03-11 16:11:21 -0500


Started GET "/" for 127.0.0.1 at 2014-03-11 16:11:22 -0500
Processing by HomeController#index as HTML
  [1m[35m (0.4ms)[0m  SELECT COUNT(count_column) FROM (SELECT 1 AS count_column FROM "posts" LIMIT 5) subquery_for_count
  Rendered home/index.html.erb within layouts/application (1.3ms)
Completed 200 OK in 5ms (Views: 4.3ms | ActiveRecord: 0.4ms)


Started GET "/assets/application.css?body=1" for 127.0.0.1 at 2014-03-11 16:11:22 -0500


Started GET "/assets/jquery.js?body=1" for 127.0.0.1 at 2014-03-11 16:11:22 -0500


Started GET "/assets/jquery_ujs.js?body=1" for 127.0.0.1 at 2014-03-11 16:11:22 -0500


Started GET "/assets/application.js?body=1" for 127.0.0.1 at 2014-03-11 16:11:22 -0500


Started GET "/assets/turbolinks.js?body=1" for 127.0.0.1 at 2014-03-11 16:11:22 -0500


Started GET "/posts" for 127.0.0.1 at 2014-03-11 16:11:23 -0500
Processing by PostsController#index as HTML
  [1m[36m (0.4ms)[0m  [1mSELECT COUNT(*) FROM "posts"[0m
  Rendered posts/index.html.erb within layouts/application (1.9ms)
Completed 200 OK in 8ms (Views: 6.3ms | ActiveRecord: 0.4ms)


Started GET "/" for 127.0.0.1 at 2014-03-11 16:12:27 -0500
Processing by HomeController#index as HTML
  [1m[35m (0.4ms)[0m  SELECT COUNT(count_column) FROM (SELECT 1 AS count_column FROM "posts" LIMIT 5) subquery_for_count
  Rendered home/index.html.erb within layouts/application (1.3ms)
Completed 200 OK in 6ms (Views: 4.4ms | ActiveRecord: 0.4ms)


Started GET "/assets/application.css?body=1" for 127.0.0.1 at 2014-03-11 16:12:27 -0500


Started GET "/assets/turbolinks.js?body=1" for 127.0.0.1 at 2014-03-11 16:12:27 -0500


Started GET "/assets/jquery.js?body=1" for 127.0.0.1 at 2014-03-11 16:12:27 -0500


Started GET "/assets/jquery_ujs.js?body=1" for 127.0.0.1 at 2014-03-11 16:12:27 -0500


Started GET "/assets/application.js?body=1" for 127.0.0.1 at 2014-03-11 16:12:27 -0500


Started GET "/" for 127.0.0.1 at 2014-03-11 16:14:16 -0500
Processing by HomeController#index as HTML
  [1m[36m (0.5ms)[0m  [1mSELECT COUNT(count_column) FROM (SELECT 1 AS count_column FROM "posts" LIMIT 5) subquery_for_count[0m
  Rendered home/index.html.erb within layouts/application (1.3ms)
Completed 200 OK in 5ms (Views: 4.3ms | ActiveRecord: 0.5ms)


Started GET "/assets/application.css?body=1" for 127.0.0.1 at 2014-03-11 16:14:16 -0500


Started GET "/assets/jquery_ujs.js?body=1" for 127.0.0.1 at 2014-03-11 16:14:16 -0500


Started GET "/assets/application.js?body=1" for 127.0.0.1 at 2014-03-11 16:14:16 -0500


Started GET "/assets/jquery.js?body=1" for 127.0.0.1 at 2014-03-11 16:14:16 -0500


Started GET "/assets/turbolinks.js?body=1" for 127.0.0.1 at 2014-03-11 16:14:16 -0500


Started GET "/" for 127.0.0.1 at 2014-03-11 16:23:22 -0500
Processing by HomeController#index as HTML
  [1m[35m (0.2ms)[0m  SELECT COUNT(count_column) FROM (SELECT 1 AS count_column FROM "posts" LIMIT 5) subquery_for_count
  Rendered home/index.html.erb within layouts/application (3.1ms)
Completed 200 OK in 8ms (Views: 4.5ms | ActiveRecord: 1.7ms)


Started GET "/assets/application.css?body=1" for 127.0.0.1 at 2014-03-11 16:23:22 -0500


Started GET "/assets/turbolinks.js?body=1" for 127.0.0.1 at 2014-03-11 16:23:22 -0500


Started GET "/assets/jquery.js?body=1" for 127.0.0.1 at 2014-03-11 16:23:22 -0500


Started GET "/assets/application.js?body=1" for 127.0.0.1 at 2014-03-11 16:23:22 -0500


Started GET "/assets/jquery_ujs.js?body=1" for 127.0.0.1 at 2014-03-11 16:23:22 -0500


Started GET "/posts" for 127.0.0.1 at 2014-03-11 16:23:24 -0500
Processing by PostsController#index as HTML
  [1m[36m (0.4ms)[0m  [1mSELECT COUNT(*) FROM "posts"[0m
  Rendered posts/index.html.erb within layouts/application (1.3ms)
Completed 200 OK in 8ms (Views: 5.6ms | ActiveRecord: 0.4ms)


Started GET "/admin/posts" for 127.0.0.1 at 2014-03-11 16:25:15 -0500
  [1m[36mActiveRecord::SchemaMigration Load (0.5ms)[0m  [1mSELECT "schema_migrations".* FROM "schema_migrations"[0m
Processing by Admin::PostsController#index as HTML
Filter chain halted as #<Proc:0x007f8584c70130@/Users/apprentice/.rbenv/versions/1.9.3-p484/lib/ruby/gems/1.9.1/gems/actionpack-4.0.2/lib/action_controller/metal/http_authentication.rb:71> rendered or redirected
Completed 401 Unauthorized in 24ms (ActiveRecord: 0.0ms)


Started GET "/admin/posts" for 127.0.0.1 at 2014-03-11 16:25:20 -0500
Processing by Admin::PostsController#index as HTML
  [1m[35m (0.3ms)[0m  SELECT COUNT(*) FROM "posts"
  Rendered admin/posts/index.html.erb within layouts/application (7.2ms)
Completed 200 OK in 104ms (Views: 98.7ms | ActiveRecord: 2.8ms)


Started GET "/assets/application.css?body=1" for 127.0.0.1 at 2014-03-11 16:25:20 -0500


Started GET "/assets/application.js?body=1" for 127.0.0.1 at 2014-03-11 16:25:20 -0500


Started GET "/assets/turbolinks.js?body=1" for 127.0.0.1 at 2014-03-11 16:25:20 -0500


Started GET "/assets/jquery_ujs.js?body=1" for 127.0.0.1 at 2014-03-11 16:25:20 -0500


Started GET "/assets/jquery.js?body=1" for 127.0.0.1 at 2014-03-11 16:25:20 -0500


Started GET "/admin/posts/new" for 127.0.0.1 at 2014-03-11 16:25:22 -0500
Processing by Admin::PostsController#new as HTML
  Rendered admin/posts/new.html.erb within layouts/application (0.5ms)
Completed 200 OK in 7ms (Views: 6.2ms | ActiveRecord: 0.0ms)


Started GET "/admin/posts" for 127.0.0.1 at 2014-03-11 16:26:04 -0500
Processing by Admin::PostsController#index as HTML
  [1m[36m (0.5ms)[0m  [1mSELECT COUNT(*) FROM "posts"[0m
  Rendered admin/posts/index.html.erb within layouts/application (1.7ms)
Completed 200 OK in 7ms (Views: 5.1ms | ActiveRecord: 0.5ms)


Started GET "/assets/application.css?body=1" for 127.0.0.1 at 2014-03-11 16:26:04 -0500


Started GET "/assets/jquery.js?body=1" for 127.0.0.1 at 2014-03-11 16:26:04 -0500


Started GET "/assets/turbolinks.js?body=1" for 127.0.0.1 at 2014-03-11 16:26:04 -0500


Started GET "/assets/application.js?body=1" for 127.0.0.1 at 2014-03-11 16:26:04 -0500


Started GET "/assets/jquery_ujs.js?body=1" for 127.0.0.1 at 2014-03-11 16:26:04 -0500


Started GET "/admin/posts" for 127.0.0.1 at 2014-03-11 16:27:09 -0500
Processing by Admin::PostsController#index as HTML
  [1m[35m (0.3ms)[0m  SELECT COUNT(*) FROM "posts"
  Rendered admin/posts/index.html.erb within layouts/application (1.0ms)
Completed 200 OK in 5ms (Views: 3.7ms | ActiveRecord: 0.3ms)


Started GET "/assets/application.css?body=1" for 127.0.0.1 at 2014-03-11 16:27:10 -0500


Started GET "/assets/turbolinks.js?body=1" for 127.0.0.1 at 2014-03-11 16:27:10 -0500


Started GET "/assets/jquery_ujs.js?body=1" for 127.0.0.1 at 2014-03-11 16:27:10 -0500


Started GET "/assets/jquery.js?body=1" for 127.0.0.1 at 2014-03-11 16:27:10 -0500


Started GET "/assets/application.js?body=1" for 127.0.0.1 at 2014-03-11 16:27:10 -0500


Started GET "/admin/posts" for 127.0.0.1 at 2014-03-11 16:29:53 -0500
Processing by Admin::PostsController#index as HTML
  [1m[36m (0.4ms)[0m  [1mSELECT COUNT(*) FROM "posts"[0m
  Rendered admin/posts/index.html.erb within layouts/application (1.2ms)
Completed 200 OK in 5ms (Views: 4.1ms | ActiveRecord: 0.4ms)


Started GET "/assets/application.css?body=1" for 127.0.0.1 at 2014-03-11 16:29:53 -0500


Started GET "/assets/jquery_ujs.js?body=1" for 127.0.0.1 at 2014-03-11 16:29:53 -0500


Started GET "/assets/application.js?body=1" for 127.0.0.1 at 2014-03-11 16:29:53 -0500


Started GET "/assets/turbolinks.js?body=1" for 127.0.0.1 at 2014-03-11 16:29:53 -0500


Started GET "/assets/jquery.js?body=1" for 127.0.0.1 at 2014-03-11 16:29:54 -0500


Started GET "/admin/posts/new" for 127.0.0.1 at 2014-03-11 16:29:55 -0500
Processing by Admin::PostsController#new as HTML
  Rendered admin/posts/new.html.erb within layouts/application (55.1ms)
Completed 500 Internal Server Error in 58ms

ActionView::Template::Error (undefined method `text' for #<Post:0x007f8583ad1ac8>):
     6: 
     7:   <p>
     8:     <%= f.label :text %><br>
     9:     <%= f.text_area :text %>
    10:   </p>
    11: 
    12:   <p>
  app/views/admin/posts/new.html.erb:9:in `block in _app_views_admin_posts_new_html_erb___4056588869706881769_70105708264700'
  app/views/admin/posts/new.html.erb:1:in `_app_views_admin_posts_new_html_erb___4056588869706881769_70105708264700'


  Rendered /Users/apprentice/.rbenv/versions/1.9.3-p484/lib/ruby/gems/1.9.1/gems/actionpack-4.0.2/lib/action_dispatch/middleware/templates/rescues/_trace.erb (1.2ms)
  Rendered /Users/apprentice/.rbenv/versions/1.9.3-p484/lib/ruby/gems/1.9.1/gems/actionpack-4.0.2/lib/action_dispatch/middleware/templates/rescues/_request_and_response.erb (0.8ms)
  Rendered /Users/apprentice/.rbenv/versions/1.9.3-p484/lib/ruby/gems/1.9.1/gems/actionpack-4.0.2/lib/action_dispatch/middleware/templates/rescues/template_error.erb within rescues/layout (14.4ms)


Started GET "/admin/posts/new" for 127.0.0.1 at 2014-03-11 16:29:55 -0500
Processing by Admin::PostsController#new as HTML
  Rendered admin/posts/new.html.erb within layouts/application (2.6ms)
Completed 500 Internal Server Error in 5ms

ActionView::Template::Error (undefined method `text' for #<Post:0x007f8582d8fb30>):
     6: 
     7:   <p>
     8:     <%= f.label :text %><br>
     9:     <%= f.text_area :text %>
    10:   </p>
    11: 
    12:   <p>
  app/views/admin/posts/new.html.erb:9:in `block in _app_views_admin_posts_new_html_erb___4056588869706881769_70105699607880'
  app/views/admin/posts/new.html.erb:1:in `_app_views_admin_posts_new_html_erb___4056588869706881769_70105699607880'


  Rendered /Users/apprentice/.rbenv/versions/1.9.3-p484/lib/ruby/gems/1.9.1/gems/actionpack-4.0.2/lib/action_dispatch/middleware/templates/rescues/_trace.erb (1.4ms)
  Rendered /Users/apprentice/.rbenv/versions/1.9.3-p484/lib/ruby/gems/1.9.1/gems/actionpack-4.0.2/lib/action_dispatch/middleware/templates/rescues/_request_and_response.erb (0.9ms)
  Rendered /Users/apprentice/.rbenv/versions/1.9.3-p484/lib/ruby/gems/1.9.1/gems/actionpack-4.0.2/lib/action_dispatch/middleware/templates/rescues/template_error.erb within rescues/layout (12.3ms)


Started GET "/admin/posts/new" for 127.0.0.1 at 2014-03-11 16:31:11 -0500
Processing by Admin::PostsController#new as HTML
  Rendered admin/posts/new.html.erb within layouts/application (2.8ms)
Completed 200 OK in 8ms (Views: 6.8ms | ActiveRecord: 0.0ms)


Started GET "/assets/application.css?body=1" for 127.0.0.1 at 2014-03-11 16:31:11 -0500


Started GET "/assets/jquery.js?body=1" for 127.0.0.1 at 2014-03-11 16:31:11 -0500


Started GET "/assets/turbolinks.js?body=1" for 127.0.0.1 at 2014-03-11 16:31:11 -0500


Started GET "/assets/application.js?body=1" for 127.0.0.1 at 2014-03-11 16:31:11 -0500


Started GET "/assets/jquery_ujs.js?body=1" for 127.0.0.1 at 2014-03-11 16:31:11 -0500


Started GET "/admin/posts/new" for 127.0.0.1 at 2014-03-11 16:32:01 -0500
Processing by Admin::PostsController#new as HTML
  Rendered admin/posts/new.html.erb within layouts/application (2.1ms)
Completed 200 OK in 6ms (Views: 5.1ms | ActiveRecord: 0.0ms)


Started GET "/assets/application.css?body=1" for 127.0.0.1 at 2014-03-11 16:32:01 -0500


Started GET "/assets/turbolinks.js?body=1" for 127.0.0.1 at 2014-03-11 16:32:01 -0500


Started GET "/assets/jquery_ujs.js?body=1" for 127.0.0.1 at 2014-03-11 16:32:01 -0500


Started GET "/assets/jquery.js?body=1" for 127.0.0.1 at 2014-03-11 16:32:01 -0500


Started GET "/assets/application.js?body=1" for 127.0.0.1 at 2014-03-11 16:32:01 -0500


Started POST "/admin/posts/new" for 127.0.0.1 at 2014-03-11 16:32:22 -0500

ActionController::RoutingError (No route matches [POST] "/admin/posts/new"):
  actionpack (4.0.2) lib/action_dispatch/middleware/debug_exceptions.rb:21:in `call'
  actionpack (4.0.2) lib/action_dispatch/middleware/show_exceptions.rb:30:in `call'
  railties (4.0.2) lib/rails/rack/logger.rb:38:in `call_app'
  railties (4.0.2) lib/rails/rack/logger.rb:20:in `block in call'
  activesupport (4.0.2) lib/active_support/tagged_logging.rb:67:in `block in tagged'
  activesupport (4.0.2) lib/active_support/tagged_logging.rb:25:in `tagged'
  activesupport (4.0.2) lib/active_support/tagged_logging.rb:67:in `tagged'
  railties (4.0.2) lib/rails/rack/logger.rb:20:in `call'
  actionpack (4.0.2) lib/action_dispatch/middleware/request_id.rb:21:in `call'
  rack (1.5.2) lib/rack/methodoverride.rb:21:in `call'
  rack (1.5.2) lib/rack/runtime.rb:17:in `call'
  activesupport (4.0.2) lib/active_support/cache/strategy/local_cache.rb:83:in `call'
  rack (1.5.2) lib/rack/lock.rb:17:in `call'
  actionpack (4.0.2) lib/action_dispatch/middleware/static.rb:64:in `call'
  rack (1.5.2) lib/rack/sendfile.rb:112:in `call'
  railties (4.0.2) lib/rails/engine.rb:511:in `call'
  railties (4.0.2) lib/rails/application.rb:97:in `call'
  rack (1.5.2) lib/rack/lock.rb:17:in `call'
  rack (1.5.2) lib/rack/content_length.rb:14:in `call'
  rack (1.5.2) lib/rack/handler/webrick.rb:60:in `service'
  /Users/apprentice/.rbenv/versions/1.9.3-p484/lib/ruby/1.9.1/webrick/httpserver.rb:138:in `service'
  /Users/apprentice/.rbenv/versions/1.9.3-p484/lib/ruby/1.9.1/webrick/httpserver.rb:94:in `run'
  /Users/apprentice/.rbenv/versions/1.9.3-p484/lib/ruby/1.9.1/webrick/server.rb:191:in `block in start_thread'


  Rendered /Users/apprentice/.rbenv/versions/1.9.3-p484/lib/ruby/gems/1.9.1/gems/actionpack-4.0.2/lib/action_dispatch/middleware/templates/rescues/_trace.erb (1.1ms)
  Rendered /Users/apprentice/.rbenv/versions/1.9.3-p484/lib/ruby/gems/1.9.1/gems/actionpack-4.0.2/lib/action_dispatch/middleware/templates/routes/_route.html.erb (1.4ms)
  Rendered /Users/apprentice/.rbenv/versions/1.9.3-p484/lib/ruby/gems/1.9.1/gems/actionpack-4.0.2/lib/action_dispatch/middleware/templates/routes/_table.html.erb (2.9ms)
  Rendered /Users/apprentice/.rbenv/versions/1.9.3-p484/lib/ruby/gems/1.9.1/gems/actionpack-4.0.2/lib/action_dispatch/middleware/templates/rescues/routing_error.erb within rescues/layout (36.8ms)


Started POST "/admin/posts/new" for 127.0.0.1 at 2014-03-11 16:37:27 -0500

ActionController::RoutingError (No route matches [POST] "/admin/posts/new"):
  actionpack (4.0.2) lib/action_dispatch/middleware/debug_exceptions.rb:21:in `call'
  actionpack (4.0.2) lib/action_dispatch/middleware/show_exceptions.rb:30:in `call'
  railties (4.0.2) lib/rails/rack/logger.rb:38:in `call_app'
  railties (4.0.2) lib/rails/rack/logger.rb:20:in `block in call'
  activesupport (4.0.2) lib/active_support/tagged_logging.rb:67:in `block in tagged'
  activesupport (4.0.2) lib/active_support/tagged_logging.rb:25:in `tagged'
  activesupport (4.0.2) lib/active_support/tagged_logging.rb:67:in `tagged'
  railties (4.0.2) lib/rails/rack/logger.rb:20:in `call'
  actionpack (4.0.2) lib/action_dispatch/middleware/request_id.rb:21:in `call'
  rack (1.5.2) lib/rack/methodoverride.rb:21:in `call'
  rack (1.5.2) lib/rack/runtime.rb:17:in `call'
  activesupport (4.0.2) lib/active_support/cache/strategy/local_cache.rb:83:in `call'
  rack (1.5.2) lib/rack/lock.rb:17:in `call'
  actionpack (4.0.2) lib/action_dispatch/middleware/static.rb:64:in `call'
  rack (1.5.2) lib/rack/sendfile.rb:112:in `call'
  railties (4.0.2) lib/rails/engine.rb:511:in `call'
  railties (4.0.2) lib/rails/application.rb:97:in `call'
  rack (1.5.2) lib/rack/lock.rb:17:in `call'
  rack (1.5.2) lib/rack/content_length.rb:14:in `call'
  rack (1.5.2) lib/rack/handler/webrick.rb:60:in `service'
  /Users/apprentice/.rbenv/versions/1.9.3-p484/lib/ruby/1.9.1/webrick/httpserver.rb:138:in `service'
  /Users/apprentice/.rbenv/versions/1.9.3-p484/lib/ruby/1.9.1/webrick/httpserver.rb:94:in `run'
  /Users/apprentice/.rbenv/versions/1.9.3-p484/lib/ruby/1.9.1/webrick/server.rb:191:in `block in start_thread'


  Rendered /Users/apprentice/.rbenv/versions/1.9.3-p484/lib/ruby/gems/1.9.1/gems/actionpack-4.0.2/lib/action_dispatch/middleware/templates/rescues/_trace.erb (0.9ms)
  Rendered /Users/apprentice/.rbenv/versions/1.9.3-p484/lib/ruby/gems/1.9.1/gems/actionpack-4.0.2/lib/action_dispatch/middleware/templates/routes/_route.html.erb (1.4ms)
  Rendered /Users/apprentice/.rbenv/versions/1.9.3-p484/lib/ruby/gems/1.9.1/gems/actionpack-4.0.2/lib/action_dispatch/middleware/templates/routes/_table.html.erb (1.0ms)
  Rendered /Users/apprentice/.rbenv/versions/1.9.3-p484/lib/ruby/gems/1.9.1/gems/actionpack-4.0.2/lib/action_dispatch/middleware/templates/rescues/routing_error.erb within rescues/layout (20.6ms)


Started GET "/admin/posts/new" for 127.0.0.1 at 2014-03-11 16:37:29 -0500
Processing by Admin::PostsController#new as HTML
  Rendered admin/posts/new.html.erb within layouts/application (47.3ms)
Completed 200 OK in 52ms (Views: 50.5ms | ActiveRecord: 0.0ms)


Started GET "/assets/application.css?body=1" for 127.0.0.1 at 2014-03-11 16:37:29 -0500


Started GET "/assets/jquery_ujs.js?body=1" for 127.0.0.1 at 2014-03-11 16:37:29 -0500


Started GET "/assets/application.js?body=1" for 127.0.0.1 at 2014-03-11 16:37:29 -0500


Started GET "/assets/turbolinks.js?body=1" for 127.0.0.1 at 2014-03-11 16:37:29 -0500


Started GET "/assets/jquery.js?body=1" for 127.0.0.1 at 2014-03-11 16:37:29 -0500


Started GET "/admin/posts/new" for 127.0.0.1 at 2014-03-11 16:39:35 -0500
Processing by Admin::PostsController#new as HTML
  Rendered admin/posts/new.html.erb within layouts/application (2.0ms)
Completed 500 Internal Server Error in 4ms

ActionView::Template::Error (undefined method `merge' for "is published?":String):
     9:     <%= f.text_area :content %>
    10:   </p>
    11: 
    12:   <%= f.check_box :is_published, "is published?" %>
    13:   <p>
    14:     <%= f.submit %>
    15:   </p>
  app/views/admin/posts/new.html.erb:12:in `block in _app_views_admin_posts_new_html_erb___4056588869706881769_70105702560080'
  app/views/admin/posts/new.html.erb:1:in `_app_views_admin_posts_new_html_erb___4056588869706881769_70105702560080'


  Rendered /Users/apprentice/.rbenv/versions/1.9.3-p484/lib/ruby/gems/1.9.1/gems/actionpack-4.0.2/lib/action_dispatch/middleware/templates/rescues/_trace.erb (1.1ms)
  Rendered /Users/apprentice/.rbenv/versions/1.9.3-p484/lib/ruby/gems/1.9.1/gems/actionpack-4.0.2/lib/action_dispatch/middleware/templates/rescues/_request_and_response.erb (0.9ms)
  Rendered /Users/apprentice/.rbenv/versions/1.9.3-p484/lib/ruby/gems/1.9.1/gems/actionpack-4.0.2/lib/action_dispatch/middleware/templates/rescues/template_error.erb within rescues/layout (12.4ms)


Started GET "/admin/posts/new" for 127.0.0.1 at 2014-03-11 16:39:38 -0500
Processing by Admin::PostsController#new as HTML
  Rendered admin/posts/new.html.erb within layouts/application (2.3ms)
Completed 500 Internal Server Error in 5ms

ActionView::Template::Error (undefined method `merge' for "is published?":String):
     9:     <%= f.text_area :content %>
    10:   </p>
    11: 
    12:   <%= f.check_box :is_published, "is published?" %>
    13:   <p>
    14:     <%= f.submit %>
    15:   </p>
  app/views/admin/posts/new.html.erb:12:in `block in _app_views_admin_posts_new_html_erb___4056588869706881769_70105702560080'
  app/views/admin/posts/new.html.erb:1:in `_app_views_admin_posts_new_html_erb___4056588869706881769_70105702560080'


  Rendered /Users/apprentice/.rbenv/versions/1.9.3-p484/lib/ruby/gems/1.9.1/gems/actionpack-4.0.2/lib/action_dispatch/middleware/templates/rescues/_trace.erb (1.1ms)
  Rendered /Users/apprentice/.rbenv/versions/1.9.3-p484/lib/ruby/gems/1.9.1/gems/actionpack-4.0.2/lib/action_dispatch/middleware/templates/rescues/_request_and_response.erb (0.8ms)
  Rendered /Users/apprentice/.rbenv/versions/1.9.3-p484/lib/ruby/gems/1.9.1/gems/actionpack-4.0.2/lib/action_dispatch/middleware/templates/rescues/template_error.erb within rescues/layout (11.6ms)


Started GET "/admin/posts/new" for 127.0.0.1 at 2014-03-11 16:39:46 -0500
Processing by Admin::PostsController#new as HTML
  Rendered admin/posts/new.html.erb within layouts/application (2.2ms)
Completed 200 OK in 6ms (Views: 5.4ms | ActiveRecord: 0.0ms)


Started GET "/assets/jquery.js?body=1" for 127.0.0.1 at 2014-03-11 16:39:46 -0500


Started GET "/assets/application.css?body=1" for 127.0.0.1 at 2014-03-11 16:39:46 -0500


Started GET "/assets/jquery_ujs.js?body=1" for 127.0.0.1 at 2014-03-11 16:39:46 -0500


Started GET "/assets/turbolinks.js?body=1" for 127.0.0.1 at 2014-03-11 16:39:46 -0500


Started GET "/assets/application.js?body=1" for 127.0.0.1 at 2014-03-11 16:39:46 -0500


Started POST "/admin/posts/new" for 127.0.0.1 at 2014-03-11 16:41:30 -0500

ActionController::RoutingError (No route matches [POST] "/admin/posts/new"):
  actionpack (4.0.2) lib/action_dispatch/middleware/debug_exceptions.rb:21:in `call'
  actionpack (4.0.2) lib/action_dispatch/middleware/show_exceptions.rb:30:in `call'
  railties (4.0.2) lib/rails/rack/logger.rb:38:in `call_app'
  railties (4.0.2) lib/rails/rack/logger.rb:20:in `block in call'
  activesupport (4.0.2) lib/active_support/tagged_logging.rb:67:in `block in tagged'
  activesupport (4.0.2) lib/active_support/tagged_logging.rb:25:in `tagged'
  activesupport (4.0.2) lib/active_support/tagged_logging.rb:67:in `tagged'
  railties (4.0.2) lib/rails/rack/logger.rb:20:in `call'
  actionpack (4.0.2) lib/action_dispatch/middleware/request_id.rb:21:in `call'
  rack (1.5.2) lib/rack/methodoverride.rb:21:in `call'
  rack (1.5.2) lib/rack/runtime.rb:17:in `call'
  activesupport (4.0.2) lib/active_support/cache/strategy/local_cache.rb:83:in `call'
  rack (1.5.2) lib/rack/lock.rb:17:in `call'
  actionpack (4.0.2) lib/action_dispatch/middleware/static.rb:64:in `call'
  rack (1.5.2) lib/rack/sendfile.rb:112:in `call'
  railties (4.0.2) lib/rails/engine.rb:511:in `call'
  railties (4.0.2) lib/rails/application.rb:97:in `call'
  rack (1.5.2) lib/rack/lock.rb:17:in `call'
  rack (1.5.2) lib/rack/content_length.rb:14:in `call'
  rack (1.5.2) lib/rack/handler/webrick.rb:60:in `service'
  /Users/apprentice/.rbenv/versions/1.9.3-p484/lib/ruby/1.9.1/webrick/httpserver.rb:138:in `service'
  /Users/apprentice/.rbenv/versions/1.9.3-p484/lib/ruby/1.9.1/webrick/httpserver.rb:94:in `run'
  /Users/apprentice/.rbenv/versions/1.9.3-p484/lib/ruby/1.9.1/webrick/server.rb:191:in `block in start_thread'


  Rendered /Users/apprentice/.rbenv/versions/1.9.3-p484/lib/ruby/gems/1.9.1/gems/actionpack-4.0.2/lib/action_dispatch/middleware/templates/rescues/_trace.erb (1.1ms)
  Rendered /Users/apprentice/.rbenv/versions/1.9.3-p484/lib/ruby/gems/1.9.1/gems/actionpack-4.0.2/lib/action_dispatch/middleware/templates/routes/_route.html.erb (2.8ms)
  Rendered /Users/apprentice/.rbenv/versions/1.9.3-p484/lib/ruby/gems/1.9.1/gems/actionpack-4.0.2/lib/action_dispatch/middleware/templates/routes/_table.html.erb (1.7ms)
  Rendered /Users/apprentice/.rbenv/versions/1.9.3-p484/lib/ruby/gems/1.9.1/gems/actionpack-4.0.2/lib/action_dispatch/middleware/templates/rescues/routing_error.erb within rescues/layout (25.7ms)


Started GET "/admin/posts" for 127.0.0.1 at 2014-03-11 16:43:00 -0500
Processing by Admin::PostsController#index as HTML
  [1m[35m (0.4ms)[0m  SELECT COUNT(*) FROM "posts"
  Rendered admin/posts/index.html.erb within layouts/application (2.0ms)
Completed 200 OK in 6ms (Views: 5.2ms | ActiveRecord: 0.4ms)


Started GET "/admin/posts/new" for 127.0.0.1 at 2014-03-11 16:43:01 -0500
Processing by Admin::PostsController#new as HTML
  Rendered admin/posts/new.html.erb within layouts/application (3.9ms)
Completed 200 OK in 10ms (Views: 8.5ms | ActiveRecord: 0.0ms)


Started POST "/admin/posts/new" for 127.0.0.1 at 2014-03-11 16:43:07 -0500

ActionController::RoutingError (No route matches [POST] "/admin/posts/new"):
  actionpack (4.0.2) lib/action_dispatch/middleware/debug_exceptions.rb:21:in `call'
  actionpack (4.0.2) lib/action_dispatch/middleware/show_exceptions.rb:30:in `call'
  railties (4.0.2) lib/rails/rack/logger.rb:38:in `call_app'
  railties (4.0.2) lib/rails/rack/logger.rb:20:in `block in call'
  activesupport (4.0.2) lib/active_support/tagged_logging.rb:67:in `block in tagged'
  activesupport (4.0.2) lib/active_support/tagged_logging.rb:25:in `tagged'
  activesupport (4.0.2) lib/active_support/tagged_logging.rb:67:in `tagged'
  railties (4.0.2) lib/rails/rack/logger.rb:20:in `call'
  actionpack (4.0.2) lib/action_dispatch/middleware/request_id.rb:21:in `call'
  rack (1.5.2) lib/rack/methodoverride.rb:21:in `call'
  rack (1.5.2) lib/rack/runtime.rb:17:in `call'
  activesupport (4.0.2) lib/active_support/cache/strategy/local_cache.rb:83:in `call'
  rack (1.5.2) lib/rack/lock.rb:17:in `call'
  actionpack (4.0.2) lib/action_dispatch/middleware/static.rb:64:in `call'
  rack (1.5.2) lib/rack/sendfile.rb:112:in `call'
  railties (4.0.2) lib/rails/engine.rb:511:in `call'
  railties (4.0.2) lib/rails/application.rb:97:in `call'
  rack (1.5.2) lib/rack/lock.rb:17:in `call'
  rack (1.5.2) lib/rack/content_length.rb:14:in `call'
  rack (1.5.2) lib/rack/handler/webrick.rb:60:in `service'
  /Users/apprentice/.rbenv/versions/1.9.3-p484/lib/ruby/1.9.1/webrick/httpserver.rb:138:in `service'
  /Users/apprentice/.rbenv/versions/1.9.3-p484/lib/ruby/1.9.1/webrick/httpserver.rb:94:in `run'
  /Users/apprentice/.rbenv/versions/1.9.3-p484/lib/ruby/1.9.1/webrick/server.rb:191:in `block in start_thread'


  Rendered /Users/apprentice/.rbenv/versions/1.9.3-p484/lib/ruby/gems/1.9.1/gems/actionpack-4.0.2/lib/action_dispatch/middleware/templates/rescues/_trace.erb (1.4ms)
  Rendered /Users/apprentice/.rbenv/versions/1.9.3-p484/lib/ruby/gems/1.9.1/gems/actionpack-4.0.2/lib/action_dispatch/middleware/templates/routes/_route.html.erb (1.4ms)
  Rendered /Users/apprentice/.rbenv/versions/1.9.3-p484/lib/ruby/gems/1.9.1/gems/actionpack-4.0.2/lib/action_dispatch/middleware/templates/routes/_table.html.erb (1.0ms)
  Rendered /Users/apprentice/.rbenv/versions/1.9.3-p484/lib/ruby/gems/1.9.1/gems/actionpack-4.0.2/lib/action_dispatch/middleware/templates/rescues/routing_error.erb within rescues/layout (24.7ms)


Started POST "/admin/posts/new" for 127.0.0.1 at 2014-03-11 16:46:11 -0500

ActionController::RoutingError (No route matches [POST] "/admin/posts/new"):
  actionpack (4.0.2) lib/action_dispatch/middleware/debug_exceptions.rb:21:in `call'
  actionpack (4.0.2) lib/action_dispatch/middleware/show_exceptions.rb:30:in `call'
  railties (4.0.2) lib/rails/rack/logger.rb:38:in `call_app'
  railties (4.0.2) lib/rails/rack/logger.rb:20:in `block in call'
  activesupport (4.0.2) lib/active_support/tagged_logging.rb:67:in `block in tagged'
  activesupport (4.0.2) lib/active_support/tagged_logging.rb:25:in `tagged'
  activesupport (4.0.2) lib/active_support/tagged_logging.rb:67:in `tagged'
  railties (4.0.2) lib/rails/rack/logger.rb:20:in `call'
  actionpack (4.0.2) lib/action_dispatch/middleware/request_id.rb:21:in `call'
  rack (1.5.2) lib/rack/methodoverride.rb:21:in `call'
  rack (1.5.2) lib/rack/runtime.rb:17:in `call'
  activesupport (4.0.2) lib/active_support/cache/strategy/local_cache.rb:83:in `call'
  rack (1.5.2) lib/rack/lock.rb:17:in `call'
  actionpack (4.0.2) lib/action_dispatch/middleware/static.rb:64:in `call'
  rack (1.5.2) lib/rack/sendfile.rb:112:in `call'
  railties (4.0.2) lib/rails/engine.rb:511:in `call'
  railties (4.0.2) lib/rails/application.rb:97:in `call'
  rack (1.5.2) lib/rack/lock.rb:17:in `call'
  rack (1.5.2) lib/rack/content_length.rb:14:in `call'
  rack (1.5.2) lib/rack/handler/webrick.rb:60:in `service'
  /Users/apprentice/.rbenv/versions/1.9.3-p484/lib/ruby/1.9.1/webrick/httpserver.rb:138:in `service'
  /Users/apprentice/.rbenv/versions/1.9.3-p484/lib/ruby/1.9.1/webrick/httpserver.rb:94:in `run'
  /Users/apprentice/.rbenv/versions/1.9.3-p484/lib/ruby/1.9.1/webrick/server.rb:191:in `block in start_thread'


  Rendered /Users/apprentice/.rbenv/versions/1.9.3-p484/lib/ruby/gems/1.9.1/gems/actionpack-4.0.2/lib/action_dispatch/middleware/templates/rescues/_trace.erb (1.6ms)
  Rendered /Users/apprentice/.rbenv/versions/1.9.3-p484/lib/ruby/gems/1.9.1/gems/actionpack-4.0.2/lib/action_dispatch/middleware/templates/routes/_route.html.erb (1.5ms)
  Rendered /Users/apprentice/.rbenv/versions/1.9.3-p484/lib/ruby/gems/1.9.1/gems/actionpack-4.0.2/lib/action_dispatch/middleware/templates/routes/_table.html.erb (0.9ms)
  Rendered /Users/apprentice/.rbenv/versions/1.9.3-p484/lib/ruby/gems/1.9.1/gems/actionpack-4.0.2/lib/action_dispatch/middleware/templates/rescues/routing_error.erb within rescues/layout (24.8ms)


Started GET "/admin/posts/new" for 127.0.0.1 at 2014-03-11 16:46:16 -0500
Processing by Admin::PostsController#new as HTML
  Rendered admin/posts/_form.html.erb (5.0ms)
  Rendered admin/posts/new.html.erb within layouts/application (6.1ms)
Completed 200 OK in 10ms (Views: 9.5ms | ActiveRecord: 0.0ms)


Started GET "/assets/application.css?body=1" for 127.0.0.1 at 2014-03-11 16:46:16 -0500


Started GET "/assets/jquery.js?body=1" for 127.0.0.1 at 2014-03-11 16:46:16 -0500


Started GET "/assets/jquery_ujs.js?body=1" for 127.0.0.1 at 2014-03-11 16:46:16 -0500


Started GET "/assets/turbolinks.js?body=1" for 127.0.0.1 at 2014-03-11 16:46:16 -0500


Started GET "/assets/application.js?body=1" for 127.0.0.1 at 2014-03-11 16:46:16 -0500


Started GET "/admin/posts/new" for 127.0.0.1 at 2014-03-11 16:46:17 -0500
Processing by Admin::PostsController#new as HTML
  Rendered admin/posts/_form.html.erb (0.9ms)
  Rendered admin/posts/new.html.erb within layouts/application (1.4ms)
Completed 200 OK in 5ms (Views: 4.2ms | ActiveRecord: 0.0ms)


Started GET "/assets/jquery.js?body=1" for 127.0.0.1 at 2014-03-11 16:46:17 -0500


Started GET "/assets/jquery_ujs.js?body=1" for 127.0.0.1 at 2014-03-11 16:46:17 -0500


Started GET "/assets/application.css?body=1" for 127.0.0.1 at 2014-03-11 16:46:17 -0500


Started GET "/assets/turbolinks.js?body=1" for 127.0.0.1 at 2014-03-11 16:46:17 -0500


Started GET "/assets/application.js?body=1" for 127.0.0.1 at 2014-03-11 16:46:17 -0500


Started GET "/admin/posts/new" for 127.0.0.1 at 2014-03-11 16:46:22 -0500
Processing by Admin::PostsController#new as HTML
  Rendered admin/posts/_form.html.erb (1.7ms)
  Rendered admin/posts/new.html.erb within layouts/application (2.9ms)
Completed 200 OK in 7ms (Views: 6.5ms | ActiveRecord: 0.0ms)


Started GET "/assets/application.css?body=1" for 127.0.0.1 at 2014-03-11 16:46:22 -0500


Started GET "/assets/turbolinks.js?body=1" for 127.0.0.1 at 2014-03-11 16:46:22 -0500


Started GET "/assets/jquery.js?body=1" for 127.0.0.1 at 2014-03-11 16:46:22 -0500


Started GET "/assets/application.js?body=1" for 127.0.0.1 at 2014-03-11 16:46:22 -0500


Started GET "/assets/jquery_ujs.js?body=1" for 127.0.0.1 at 2014-03-11 16:46:22 -0500


Started POST "/admin/posts" for 127.0.0.1 at 2014-03-11 16:46:30 -0500
Processing by Admin::PostsController#create as HTML
  Parameters: {"utf8"=>"✓", "authenticity_token"=>"9P7VxAhbSK144vxDLjuEVreNijlbLz8kDykSTydBVY8=", "post"=>{"title"=>"Hello World!", "content"=>"Lorem ipsum dolor sit amet, consectetuer adipiscing elit, sed diam nonummy nibh euismod tincidunt ut laoreet dolore magna aliquam erat volutpat.", "is_published"=>"1"}, "commit"=>"Save"}
  [1m[36m (0.2ms)[0m  [1mBEGIN[0m
  [1m[35mSQL (22.6ms)[0m  INSERT INTO "posts" ("content", "created_at", "is_published", "title", "updated_at") VALUES ($1, $2, $3, $4, $5) RETURNING "id"  [["content", "Lorem ipsum dolor sit amet, consectetuer adipiscing elit, sed diam nonummy nibh euismod tincidunt ut laoreet dolore magna aliquam erat volutpat."], ["created_at", Tue, 11 Mar 2014 21:46:30 UTC +00:00], ["is_published", true], ["title", "Hello World!"], ["updated_at", Tue, 11 Mar 2014 21:46:30 UTC +00:00]]
  [1m[36m (0.5ms)[0m  [1mCOMMIT[0m
Redirected to http://localhost:3000/admin/posts/1
Completed 302 Found in 27ms (ActiveRecord: 23.4ms)


Started GET "/admin/posts/1" for 127.0.0.1 at 2014-03-11 16:46:30 -0500
Processing by Admin::PostsController#show as HTML
  Parameters: {"id"=>"1"}
  [1m[35mPost Load (0.7ms)[0m  SELECT "posts".* FROM "posts" WHERE "posts"."id" = $1 LIMIT 1  [["id", "1"]]
  Rendered admin/posts/show.html.erb within layouts/application (36.2ms)
Completed 200 OK in 55ms (Views: 51.7ms | ActiveRecord: 0.7ms)


Started GET "/assets/application.css?body=1" for 127.0.0.1 at 2014-03-11 16:46:30 -0500


Started GET "/assets/jquery.js?body=1" for 127.0.0.1 at 2014-03-11 16:46:30 -0500


Started GET "/assets/jquery_ujs.js?body=1" for 127.0.0.1 at 2014-03-11 16:46:30 -0500


Started GET "/assets/application.js?body=1" for 127.0.0.1 at 2014-03-11 16:46:30 -0500


Started GET "/assets/turbolinks.js?body=1" for 127.0.0.1 at 2014-03-11 16:46:30 -0500


Started GET "/admin/posts/1" for 127.0.0.1 at 2014-03-11 16:47:56 -0500
Processing by Admin::PostsController#show as HTML
  Parameters: {"id"=>"1"}
  [1m[36mPost Load (0.5ms)[0m  [1mSELECT "posts".* FROM "posts" WHERE "posts"."id" = $1 LIMIT 1[0m  [["id", "1"]]
  Rendered admin/posts/show.html.erb within layouts/application (0.6ms)
Completed 200 OK in 23ms (Views: 20.9ms | ActiveRecord: 0.5ms)


Started GET "/assets/application.css?body=1" for 127.0.0.1 at 2014-03-11 16:47:56 -0500


Started GET "/assets/jquery_ujs.js?body=1" for 127.0.0.1 at 2014-03-11 16:47:56 -0500


Started GET "/assets/turbolinks.js?body=1" for 127.0.0.1 at 2014-03-11 16:47:56 -0500


Started GET "/assets/jquery.js?body=1" for 127.0.0.1 at 2014-03-11 16:47:56 -0500


Started GET "/assets/application.js?body=1" for 127.0.0.1 at 2014-03-11 16:47:56 -0500
  [1m[36mPost Load (2.4ms)[0m  [1mSELECT "posts".* FROM "posts"[0m
  [1m[35m (0.7ms)[0m  SELECT COUNT(*) FROM "posts"


Started GET "/admin/posts/new" for 127.0.0.1 at 2014-03-11 16:49:47 -0500
Processing by Admin::PostsController#new as HTML
  Rendered admin/posts/_form.html.erb (35.0ms)
  Rendered admin/posts/new.html.erb within layouts/application (36.0ms)
Completed 200 OK in 40ms (Views: 39.6ms | ActiveRecord: 0.0ms)


Started GET "/assets/application.css?body=1" for 127.0.0.1 at 2014-03-11 16:49:47 -0500


Started GET "/assets/jquery_ujs.js?body=1" for 127.0.0.1 at 2014-03-11 16:49:47 -0500


Started GET "/assets/jquery.js?body=1" for 127.0.0.1 at 2014-03-11 16:49:47 -0500


Started GET "/assets/turbolinks.js?body=1" for 127.0.0.1 at 2014-03-11 16:49:47 -0500


Started GET "/assets/application.js?body=1" for 127.0.0.1 at 2014-03-11 16:49:47 -0500


Started POST "/admin/posts" for 127.0.0.1 at 2014-03-11 16:49:55 -0500
Processing by Admin::PostsController#create as HTML
  Parameters: {"utf8"=>"✓", "authenticity_token"=>"9P7VxAhbSK144vxDLjuEVreNijlbLz8kDykSTydBVY8=", "post"=>{"title"=>"Hello World!", "content"=>"Lorem ipsum dolor sit amet, consectetuer adipiscing elit, sed diam nonummy nibh euismod tincidunt ut laoreet dolore magna aliquam erat volutpat.", "is_published"=>"1"}, "commit"=>"Save"}
  [1m[35m (0.2ms)[0m  BEGIN
  [1m[36mSQL (0.6ms)[0m  [1mINSERT INTO "posts" ("content", "created_at", "is_published", "title", "updated_at") VALUES ($1, $2, $3, $4, $5) RETURNING "id"[0m  [["content", "Lorem ipsum dolor sit amet, consectetuer adipiscing elit, sed diam nonummy nibh euismod tincidunt ut laoreet dolore magna aliquam erat volutpat."], ["created_at", Tue, 11 Mar 2014 21:49:55 UTC +00:00], ["is_published", true], ["title", "Hello World!"], ["updated_at", Tue, 11 Mar 2014 21:49:55 UTC +00:00]]
  [1m[35m (15.9ms)[0m  COMMIT
Redirected to http://localhost:3000/admin/posts/2
Completed 302 Found in 21ms (ActiveRecord: 16.7ms)


Started GET "/admin/posts/2" for 127.0.0.1 at 2014-03-11 16:49:55 -0500
Processing by Admin::PostsController#show as HTML
  Parameters: {"id"=>"2"}
  [1m[36mPost Load (0.3ms)[0m  [1mSELECT "posts".* FROM "posts" WHERE "posts"."id" = $1 LIMIT 1[0m  [["id", "2"]]
  Rendered admin/posts/show.html.erb within layouts/application (0.5ms)
Completed 200 OK in 5ms (Views: 3.4ms | ActiveRecord: 0.3ms)


Started GET "/assets/application.css?body=1" for 127.0.0.1 at 2014-03-11 16:49:55 -0500


Started GET "/assets/jquery.js?body=1" for 127.0.0.1 at 2014-03-11 16:49:55 -0500


Started GET "/assets/jquery_ujs.js?body=1" for 127.0.0.1 at 2014-03-11 16:49:55 -0500


Started GET "/assets/application.js?body=1" for 127.0.0.1 at 2014-03-11 16:49:55 -0500


Started GET "/assets/turbolinks.js?body=1" for 127.0.0.1 at 2014-03-11 16:49:55 -0500
  [1m[36mPost Load (0.6ms)[0m  [1mSELECT "posts".* FROM "posts"[0m
  [1m[35m (0.7ms)[0m  SELECT COUNT(*) FROM "posts"


Started GET "/admin/posts" for 127.0.0.1 at 2014-03-11 16:56:48 -0500
Processing by Admin::PostsController#index as HTML
  [1m[35m (0.3ms)[0m  SELECT COUNT(*) FROM "posts"
  [1m[36mPost Load (0.5ms)[0m  [1mSELECT "posts".* FROM "posts"[0m
  Rendered admin/posts/index.html.erb within layouts/application (10.5ms)
Completed 200 OK in 16ms (Views: 11.0ms | ActiveRecord: 3.0ms)


Started DELETE "/admin/posts/2" for 127.0.0.1 at 2014-03-11 16:56:51 -0500
Processing by Admin::PostsController#destroy as HTML
  Parameters: {"authenticity_token"=>"9P7VxAhbSK144vxDLjuEVreNijlbLz8kDykSTydBVY8=", "id"=>"2"}
Completed 404 Not Found in 1ms

ActiveRecord::RecordNotFound (Couldn't find Post without an ID):
  app/controllers/admin/posts_controller.rb:42:in `destroy'


  Rendered /Users/apprentice/.rbenv/versions/1.9.3-p484/lib/ruby/gems/1.9.1/gems/actionpack-4.0.2/lib/action_dispatch/middleware/templates/rescues/_source.erb (0.7ms)
  Rendered /Users/apprentice/.rbenv/versions/1.9.3-p484/lib/ruby/gems/1.9.1/gems/actionpack-4.0.2/lib/action_dispatch/middleware/templates/rescues/_trace.erb (0.9ms)
  Rendered /Users/apprentice/.rbenv/versions/1.9.3-p484/lib/ruby/gems/1.9.1/gems/actionpack-4.0.2/lib/action_dispatch/middleware/templates/rescues/_request_and_response.erb (0.9ms)
  Rendered /Users/apprentice/.rbenv/versions/1.9.3-p484/lib/ruby/gems/1.9.1/gems/actionpack-4.0.2/lib/action_dispatch/middleware/templates/rescues/diagnostics.erb within rescues/layout (16.9ms)


Started GET "/admin/posts/new" for 127.0.0.1 at 2014-03-11 16:57:01 -0500
Processing by Admin::PostsController#new as HTML
  Rendered admin/posts/_form.html.erb (2.6ms)
  Rendered admin/posts/new.html.erb within layouts/application (4.5ms)
Completed 200 OK in 9ms (Views: 8.0ms | ActiveRecord: 0.0ms)


Started GET "/posts/1" for 127.0.0.1 at 2014-03-11 16:57:03 -0500
Processing by PostsController#show as HTML
  Parameters: {"id"=>"1"}
  [1m[35mPost Load (0.5ms)[0m  SELECT "posts".* FROM "posts" WHERE "posts"."id" = $1 LIMIT 1  [["id", "1"]]
  Rendered posts/show.html.erb within layouts/application (0.8ms)
Completed 200 OK in 25ms (Views: 22.3ms | ActiveRecord: 0.5ms)


Started GET "/posts/2" for 127.0.0.1 at 2014-03-11 16:57:06 -0500
Processing by PostsController#show as HTML
  Parameters: {"id"=>"2"}
  [1m[36mPost Load (0.4ms)[0m  [1mSELECT "posts".* FROM "posts" WHERE "posts"."id" = $1 LIMIT 1[0m  [["id", "2"]]
  Rendered posts/show.html.erb within layouts/application (0.1ms)
Completed 200 OK in 5ms (Views: 3.4ms | ActiveRecord: 0.4ms)
  [1m[36m (5086.4ms)[0m  [1mDROP DATABASE IF EXISTS "rails_with_rspec_development"[0m
PG::ObjectInUse: ERROR:  database "rails_with_rspec_development" is being accessed by other users
DETAIL:  There is 1 other session using the database.
: DROP DATABASE IF EXISTS "rails_with_rspec_development"
  [1m[35m (116.0ms)[0m  DROP DATABASE IF EXISTS "rails_with_rspec_test"
  [1m[36m (0.3ms)[0m  [1mCREATE DATABASE "rails_with_rspec_development" ENCODING = 'unicode'[0m
PG::DuplicateDatabase: ERROR:  database "rails_with_rspec_development" already exists
: CREATE DATABASE "rails_with_rspec_development" ENCODING = 'unicode'
  [1m[35m (284.2ms)[0m  CREATE DATABASE "rails_with_rspec_test" ENCODING = 'unicode'
  [1m[36mSQL (18.5ms)[0m  [1mCREATE EXTENSION IF NOT EXISTS "plpgsql"[0m
  [1m[35m (43.9ms)[0m  DROP TABLE "posts"
  [1m[36m (29.1ms)[0m  [1mCREATE TABLE "posts" ("id" serial primary key, "slug" character varying(255), "title" character varying(255), "content" text, "is_published" boolean DEFAULT 'f', "created_at" timestamp, "updated_at" timestamp) [0m
  [1m[35m (0.5ms)[0m  SELECT version FROM "schema_migrations"
  [1m[36mActiveRecord::SchemaMigration Load (0.2ms)[0m  [1mSELECT "schema_migrations".* FROM "schema_migrations"[0m
  [1m[36m (0.3ms)[0m  [1mDROP DATABASE IF EXISTS "rails_with_rspec_development"[0m
  [1m[35m (0.2ms)[0m  DROP DATABASE IF EXISTS "rails_with_rspec_test"
  [1m[36m (244.2ms)[0m  [1mCREATE DATABASE "rails_with_rspec_development" ENCODING = 'unicode'[0m
  [1m[35m (261.2ms)[0m  CREATE DATABASE "rails_with_rspec_test" ENCODING = 'unicode'
  [1m[36mSQL (1.9ms)[0m  [1mCREATE EXTENSION IF NOT EXISTS "plpgsql"[0m
  [1m[35m (7.6ms)[0m  CREATE TABLE "posts" ("id" serial primary key, "slug" character varying(255), "title" character varying(255), "content" text, "is_published" boolean DEFAULT 'f', "created_at" timestamp, "updated_at" timestamp) 
  [1m[36m (1.1ms)[0m  [1mCREATE TABLE "schema_migrations" ("version" character varying(255) NOT NULL) [0m
  [1m[35m (1.2ms)[0m  CREATE UNIQUE INDEX "unique_schema_migrations" ON "schema_migrations" ("version")
  [1m[36m (0.3ms)[0m  [1mSELECT version FROM "schema_migrations"[0m
  [1m[35m (0.6ms)[0m  INSERT INTO "schema_migrations" (version) VALUES ('20140310201408')
  [1m[36mActiveRecord::SchemaMigration Load (0.2ms)[0m  [1mSELECT "schema_migrations".* FROM "schema_migrations"[0m


Started GET "/" for 127.0.0.1 at 2014-03-11 17:02:25 -0500
  [1m[36mActiveRecord::SchemaMigration Load (0.5ms)[0m  [1mSELECT "schema_migrations".* FROM "schema_migrations"[0m
Processing by HomeController#index as HTML
  [1m[35m (0.6ms)[0m  SELECT COUNT(count_column) FROM (SELECT 1 AS count_column FROM "posts" LIMIT 5) subquery_for_count
  Rendered home/index.html.erb within layouts/application (33.9ms)
Completed 200 OK in 132ms (Views: 103.4ms | ActiveRecord: 3.6ms)


Started GET "/assets/application.css?body=1" for 127.0.0.1 at 2014-03-11 17:02:25 -0500


Started GET "/assets/jquery.js?body=1" for 127.0.0.1 at 2014-03-11 17:02:25 -0500


Started GET "/assets/jquery_ujs.js?body=1" for 127.0.0.1 at 2014-03-11 17:02:25 -0500


Started GET "/assets/turbolinks.js?body=1" for 127.0.0.1 at 2014-03-11 17:02:25 -0500


Started GET "/assets/application.js?body=1" for 127.0.0.1 at 2014-03-11 17:02:25 -0500


Started GET "/posts" for 127.0.0.1 at 2014-03-11 17:02:26 -0500
Processing by PostsController#index as HTML
  [1m[36m (0.4ms)[0m  [1mSELECT COUNT(*) FROM "posts"[0m
  Rendered posts/index.html.erb within layouts/application (2.0ms)
Completed 200 OK in 40ms (Views: 37.9ms | ActiveRecord: 0.4ms)


Started GET "/admin/posts" for 127.0.0.1 at 2014-03-11 17:02:32 -0500
Processing by Admin::PostsController#index as HTML
  [1m[35m (0.4ms)[0m  SELECT COUNT(*) FROM "posts"
  Rendered admin/posts/index.html.erb within layouts/application (2.7ms)
Completed 200 OK in 8ms (Views: 6.5ms | ActiveRecord: 0.4ms)


Started GET "/assets/application.css?body=1" for 127.0.0.1 at 2014-03-11 17:02:32 -0500


Started GET "/assets/jquery_ujs.js?body=1" for 127.0.0.1 at 2014-03-11 17:02:32 -0500


Started GET "/assets/application.js?body=1" for 127.0.0.1 at 2014-03-11 17:02:32 -0500


Started GET "/assets/turbolinks.js?body=1" for 127.0.0.1 at 2014-03-11 17:02:32 -0500


Started GET "/assets/jquery.js?body=1" for 127.0.0.1 at 2014-03-11 17:02:32 -0500


Started GET "/admin/posts/new" for 127.0.0.1 at 2014-03-11 17:03:10 -0500
Processing by Admin::PostsController#new as HTML
  Rendered admin/posts/_form.html.erb (17.6ms)
  Rendered admin/posts/new.html.erb within layouts/application (21.9ms)
Completed 200 OK in 27ms (Views: 25.6ms | ActiveRecord: 0.0ms)


Started POST "/admin/posts" for 127.0.0.1 at 2014-03-11 17:03:15 -0500
Processing by Admin::PostsController#create as HTML
  Parameters: {"utf8"=>"✓", "authenticity_token"=>"9P7VxAhbSK144vxDLjuEVreNijlbLz8kDykSTydBVY8=", "post"=>{"title"=>"test", "content"=>"test", "is_published"=>"1"}, "commit"=>"Save"}
  [1m[36m (0.2ms)[0m  [1mBEGIN[0m
  [1m[35mSQL (110.0ms)[0m  INSERT INTO "posts" ("content", "created_at", "is_published", "slug", "title", "updated_at") VALUES ($1, $2, $3, $4, $5, $6) RETURNING "id"  [["content", "test"], ["created_at", Tue, 11 Mar 2014 22:03:15 UTC +00:00], ["is_published", true], ["slug", "new post"], ["title", "Test"], ["updated_at", Tue, 11 Mar 2014 22:03:15 UTC +00:00]]
  [1m[36m (0.7ms)[0m  [1mCOMMIT[0m
Redirected to http://localhost:3000/admin/posts/1
Completed 302 Found in 117ms (ActiveRecord: 111.1ms)


Started GET "/admin/posts/1" for 127.0.0.1 at 2014-03-11 17:03:15 -0500
Processing by Admin::PostsController#show as HTML
  Parameters: {"id"=>"1"}
  [1m[35mPost Load (0.6ms)[0m  SELECT "posts".* FROM "posts" WHERE "posts"."id" = $1 LIMIT 1  [["id", "1"]]
  Rendered admin/posts/show.html.erb within layouts/application (31.4ms)
Completed 200 OK in 50ms (Views: 47.5ms | ActiveRecord: 0.6ms)


Started GET "/assets/jquery.js?body=1" for 127.0.0.1 at 2014-03-11 17:03:15 -0500


Started GET "/assets/application.css?body=1" for 127.0.0.1 at 2014-03-11 17:03:15 -0500


Started GET "/assets/application.js?body=1" for 127.0.0.1 at 2014-03-11 17:03:15 -0500


Started GET "/assets/turbolinks.js?body=1" for 127.0.0.1 at 2014-03-11 17:03:15 -0500


Started GET "/assets/jquery_ujs.js?body=1" for 127.0.0.1 at 2014-03-11 17:03:15 -0500
  [1m[36mPost Load (2.5ms)[0m  [1mSELECT "posts".* FROM "posts"[0m
  [1m[36mPost Load (2.1ms)[0m  [1mSELECT "posts".* FROM "posts"[0m


Started GET "/admin/posts/1" for 127.0.0.1 at 2014-03-11 17:14:32 -0500
Processing by Admin::PostsController#show as HTML
  Parameters: {"id"=>"1"}
  [1m[36mPost Load (0.3ms)[0m  [1mSELECT "posts".* FROM "posts" WHERE "posts"."id" = $1 LIMIT 1[0m  [["id", "1"]]
  Rendered admin/posts/show.html.erb within layouts/application (0.7ms)
Completed 200 OK in 33ms (Views: 20.4ms | ActiveRecord: 2.5ms)


Started GET "/assets/application.css?body=1" for 127.0.0.1 at 2014-03-11 17:14:32 -0500


Started GET "/assets/application.js?body=1" for 127.0.0.1 at 2014-03-11 17:14:32 -0500


Started GET "/assets/jquery.js?body=1" for 127.0.0.1 at 2014-03-11 17:14:32 -0500


Started GET "/assets/turbolinks.js?body=1" for 127.0.0.1 at 2014-03-11 17:14:32 -0500


Started GET "/assets/jquery_ujs.js?body=1" for 127.0.0.1 at 2014-03-11 17:14:32 -0500


Started GET "/admin/posts/1/edit" for 127.0.0.1 at 2014-03-11 17:14:34 -0500
Processing by Admin::PostsController#edit as HTML
  Parameters: {"id"=>"1"}
  [1m[35mPost Load (0.8ms)[0m  SELECT "posts".* FROM "posts" WHERE "posts"."id" = $1 LIMIT 1  [["id", "1"]]
  Rendered admin/posts/_form.html.erb (1.6ms)
  Rendered admin/posts/edit.html.erb within layouts/application (2.9ms)
Completed 200 OK in 58ms (Views: 54.5ms | ActiveRecord: 0.8ms)


Started PATCH "/admin/posts/1" for 127.0.0.1 at 2014-03-11 17:14:38 -0500
Processing by Admin::PostsController#update as HTML
  Parameters: {"utf8"=>"✓", "authenticity_token"=>"9P7VxAhbSK144vxDLjuEVreNijlbLz8kDykSTydBVY8=", "post"=>{"title"=>"Testing", "content"=>"test", "is_published"=>"1"}, "commit"=>"Save", "id"=>"1"}
  [1m[36mPost Load (0.5ms)[0m  [1mSELECT "posts".* FROM "posts" WHERE "posts"."id" = $1 LIMIT 1[0m  [["id", "1"]]
  [1m[35m (0.1ms)[0m  BEGIN
  [1m[36mSQL (0.6ms)[0m  [1mUPDATE "posts" SET "title" = $1, "updated_at" = $2 WHERE "posts"."id" = 1[0m  [["title", "Testing"], ["updated_at", Tue, 11 Mar 2014 22:14:38 UTC +00:00]]
  [1m[35m (16.5ms)[0m  COMMIT
Redirected to http://localhost:3000/admin/posts/1
Completed 302 Found in 24ms (ActiveRecord: 17.8ms)


Started GET "/admin/posts/1" for 127.0.0.1 at 2014-03-11 17:14:38 -0500
Processing by Admin::PostsController#show as HTML
  Parameters: {"id"=>"1"}
  [1m[36mPost Load (0.4ms)[0m  [1mSELECT "posts".* FROM "posts" WHERE "posts"."id" = $1 LIMIT 1[0m  [["id", "1"]]
  Rendered admin/posts/show.html.erb within layouts/application (0.6ms)
Completed 200 OK in 6ms (Views: 4.1ms | ActiveRecord: 0.4ms)


Started GET "/assets/jquery.js?body=1" for 127.0.0.1 at 2014-03-11 17:14:38 -0500


Started GET "/assets/turbolinks.js?body=1" for 127.0.0.1 at 2014-03-11 17:14:38 -0500


Started GET "/assets/application.css?body=1" for 127.0.0.1 at 2014-03-11 17:14:38 -0500


Started GET "/assets/application.js?body=1" for 127.0.0.1 at 2014-03-11 17:14:38 -0500


Started GET "/assets/jquery_ujs.js?body=1" for 127.0.0.1 at 2014-03-11 17:14:38 -0500


Started GET "/admin/posts/1" for 127.0.0.1 at 2014-03-11 17:16:08 -0500
Processing by Admin::PostsController#show as HTML
  Parameters: {"id"=>"1"}
  [1m[35mPost Load (0.3ms)[0m  SELECT "posts".* FROM "posts" WHERE "posts"."id" = $1 LIMIT 1  [["id", "1"]]
  Rendered admin/posts/show.html.erb within layouts/application (0.6ms)
Completed 200 OK in 16ms (Views: 4.5ms | ActiveRecord: 1.9ms)


Started GET "/assets/application.css?body=1" for 127.0.0.1 at 2014-03-11 17:16:08 -0500


Started GET "/assets/application.js?body=1" for 127.0.0.1 at 2014-03-11 17:16:08 -0500


Started GET "/assets/turbolinks.js?body=1" for 127.0.0.1 at 2014-03-11 17:16:08 -0500


Started GET "/assets/jquery_ujs.js?body=1" for 127.0.0.1 at 2014-03-11 17:16:08 -0500


Started GET "/assets/jquery.js?body=1" for 127.0.0.1 at 2014-03-11 17:16:08 -0500


Started GET "/admin/posts/1/edit" for 127.0.0.1 at 2014-03-11 17:16:09 -0500
Processing by Admin::PostsController#edit as HTML
  Parameters: {"id"=>"1"}
  [1m[36mPost Load (0.4ms)[0m  [1mSELECT "posts".* FROM "posts" WHERE "posts"."id" = $1 LIMIT 1[0m  [["id", "1"]]
  Rendered admin/posts/_form.html.erb (1.9ms)
  Rendered admin/posts/edit.html.erb within layouts/application (2.9ms)
Completed 200 OK in 10ms (Views: 7.6ms | ActiveRecord: 0.4ms)


Started PATCH "/admin/posts/1" for 127.0.0.1 at 2014-03-11 17:16:14 -0500
Processing by Admin::PostsController#update as HTML
  Parameters: {"utf8"=>"✓", "authenticity_token"=>"9P7VxAhbSK144vxDLjuEVreNijlbLz8kDykSTydBVY8=", "post"=>{"title"=>"Testingsfgsdf", "content"=>"test", "is_published"=>"1"}, "commit"=>"Save", "id"=>"1"}
  [1m[35mPost Load (0.4ms)[0m  SELECT "posts".* FROM "posts" WHERE "posts"."id" = $1 LIMIT 1  [["id", "1"]]
  [1m[36m (0.1ms)[0m  [1mBEGIN[0m
  [1m[35mSQL (0.7ms)[0m  UPDATE "posts" SET "title" = $1, "slug" = $2, "updated_at" = $3 WHERE "posts"."id" = 1  [["title", "Testingsfgsdf"], ["slug", "new-post"], ["updated_at", Tue, 11 Mar 2014 22:16:14 UTC +00:00]]
  [1m[36m (15.6ms)[0m  [1mCOMMIT[0m
Redirected to http://localhost:3000/admin/posts/1
Completed 302 Found in 22ms (ActiveRecord: 16.8ms)


Started GET "/admin/posts/1" for 127.0.0.1 at 2014-03-11 17:16:14 -0500
Processing by Admin::PostsController#show as HTML
  Parameters: {"id"=>"1"}
  [1m[35mPost Load (0.3ms)[0m  SELECT "posts".* FROM "posts" WHERE "posts"."id" = $1 LIMIT 1  [["id", "1"]]
  Rendered admin/posts/show.html.erb within layouts/application (0.5ms)
Completed 200 OK in 5ms (Views: 3.6ms | ActiveRecord: 0.3ms)


Started GET "/assets/application.css?body=1" for 127.0.0.1 at 2014-03-11 17:16:14 -0500


Started GET "/assets/jquery.js?body=1" for 127.0.0.1 at 2014-03-11 17:16:14 -0500


Started GET "/assets/jquery_ujs.js?body=1" for 127.0.0.1 at 2014-03-11 17:16:14 -0500


Started GET "/assets/turbolinks.js?body=1" for 127.0.0.1 at 2014-03-11 17:16:14 -0500


Started GET "/assets/application.js?body=1" for 127.0.0.1 at 2014-03-11 17:16:14 -0500
  [1m[36mPost Load (2.2ms)[0m  [1mSELECT "posts".* FROM "posts"[0m


Started GET "/admin/posts/1" for 127.0.0.1 at 2014-03-11 20:06:09 -0500
Processing by Admin::PostsController#show as HTML
  Parameters: {"id"=>"1"}
  [1m[36mPost Load (0.2ms)[0m  [1mSELECT "posts".* FROM "posts" WHERE "posts"."id" = $1 LIMIT 1[0m  [["id", "1"]]
  Rendered admin/posts/show.html.erb within layouts/application (0.6ms)
Completed 200 OK in 15ms (Views: 3.7ms | ActiveRecord: 1.7ms)


Started GET "/assets/application.css?body=1" for 127.0.0.1 at 2014-03-11 20:06:09 -0500


Started GET "/assets/application.js?body=1" for 127.0.0.1 at 2014-03-11 20:06:09 -0500


Started GET "/assets/jquery.js?body=1" for 127.0.0.1 at 2014-03-11 20:06:09 -0500


Started GET "/assets/turbolinks.js?body=1" for 127.0.0.1 at 2014-03-11 20:06:09 -0500


Started GET "/assets/jquery_ujs.js?body=1" for 127.0.0.1 at 2014-03-11 20:06:09 -0500


Started GET "/admin/posts/1" for 127.0.0.1 at 2014-03-11 20:06:10 -0500
Processing by Admin::PostsController#show as HTML
  Parameters: {"id"=>"1"}
  [1m[35mPost Load (0.4ms)[0m  SELECT "posts".* FROM "posts" WHERE "posts"."id" = $1 LIMIT 1  [["id", "1"]]
  Rendered admin/posts/show.html.erb within layouts/application (0.5ms)
Completed 200 OK in 6ms (Views: 3.5ms | ActiveRecord: 0.4ms)


Started GET "/assets/turbolinks.js?body=1" for 127.0.0.1 at 2014-03-11 20:06:11 -0500


Started GET "/assets/application.css?body=1" for 127.0.0.1 at 2014-03-11 20:06:11 -0500


Started GET "/assets/jquery_ujs.js?body=1" for 127.0.0.1 at 2014-03-11 20:06:11 -0500


Started GET "/assets/jquery.js?body=1" for 127.0.0.1 at 2014-03-11 20:06:11 -0500


Started GET "/assets/application.js?body=1" for 127.0.0.1 at 2014-03-11 20:06:11 -0500


Started GET "/admin/posts" for 127.0.0.1 at 2014-03-11 20:06:11 -0500
Processing by Admin::PostsController#index as HTML
  [1m[36m (0.6ms)[0m  [1mSELECT COUNT(*) FROM "posts"[0m
  [1m[35mPost Load (0.7ms)[0m  SELECT "posts".* FROM "posts"
  Rendered admin/posts/index.html.erb within layouts/application (4.4ms)
Completed 200 OK in 9ms (Views: 7.1ms | ActiveRecord: 1.2ms)


Started DELETE "/admin/posts/1" for 127.0.0.1 at 2014-03-11 20:06:18 -0500
Processing by Admin::PostsController#destroy as HTML
  Parameters: {"authenticity_token"=>"9P7VxAhbSK144vxDLjuEVreNijlbLz8kDykSTydBVY8=", "id"=>"1"}
Completed 404 Not Found in 1ms

ActiveRecord::RecordNotFound (Couldn't find Post without an ID):
  app/controllers/admin/posts_controller.rb:42:in `destroy'


  Rendered /Users/apprentice/.rbenv/versions/1.9.3-p484/lib/ruby/gems/1.9.1/gems/actionpack-4.0.2/lib/action_dispatch/middleware/templates/rescues/_source.erb (0.6ms)
  Rendered /Users/apprentice/.rbenv/versions/1.9.3-p484/lib/ruby/gems/1.9.1/gems/actionpack-4.0.2/lib/action_dispatch/middleware/templates/rescues/_trace.erb (1.1ms)
  Rendered /Users/apprentice/.rbenv/versions/1.9.3-p484/lib/ruby/gems/1.9.1/gems/actionpack-4.0.2/lib/action_dispatch/middleware/templates/rescues/_request_and_response.erb (1.0ms)
  Rendered /Users/apprentice/.rbenv/versions/1.9.3-p484/lib/ruby/gems/1.9.1/gems/actionpack-4.0.2/lib/action_dispatch/middleware/templates/rescues/diagnostics.erb within rescues/layout (16.5ms)


Started GET "/admin/posts" for 127.0.0.1 at 2014-03-11 20:06:22 -0500
Processing by Admin::PostsController#index as HTML
  [1m[36m (0.4ms)[0m  [1mSELECT COUNT(*) FROM "posts"[0m
  [1m[35mPost Load (0.3ms)[0m  SELECT "posts".* FROM "posts"
  Rendered admin/posts/index.html.erb within layouts/application (2.4ms)
Completed 200 OK in 7ms (Views: 5.2ms | ActiveRecord: 0.6ms)


Started GET "/assets/application.css?body=1" for 127.0.0.1 at 2014-03-11 20:06:22 -0500


Started GET "/assets/jquery_ujs.js?body=1" for 127.0.0.1 at 2014-03-11 20:06:22 -0500


Started GET "/assets/turbolinks.js?body=1" for 127.0.0.1 at 2014-03-11 20:06:22 -0500


Started GET "/assets/jquery.js?body=1" for 127.0.0.1 at 2014-03-11 20:06:22 -0500


Started GET "/assets/application.js?body=1" for 127.0.0.1 at 2014-03-11 20:06:22 -0500


Started GET "/admin/posts/1/edit" for 127.0.0.1 at 2014-03-11 20:06:24 -0500
Processing by Admin::PostsController#edit as HTML
  Parameters: {"id"=>"1"}
  [1m[36mPost Load (0.4ms)[0m  [1mSELECT "posts".* FROM "posts" WHERE "posts"."id" = $1 LIMIT 1[0m  [["id", "1"]]
  Rendered admin/posts/_form.html.erb (2.7ms)
  Rendered admin/posts/edit.html.erb within layouts/application (3.9ms)
Completed 200 OK in 10ms (Views: 7.6ms | ActiveRecord: 0.4ms)


Started GET "/admin/posts/1/edit" for 127.0.0.1 at 2014-03-11 20:20:50 -0500
Processing by Admin::PostsController#edit as HTML
  Parameters: {"id"=>"1"}
  [1m[35mPost Load (0.2ms)[0m  SELECT "posts".* FROM "posts" WHERE "posts"."id" = $1 LIMIT 1  [["id", "1"]]
  Rendered admin/posts/_form.html.erb (1.5ms)
  Rendered admin/posts/edit.html.erb within layouts/application (2.3ms)
Completed 200 OK in 15ms (Views: 5.5ms | ActiveRecord: 1.6ms)


Started GET "/" for 127.0.0.1 at 2014-03-11 20:38:24 -0500
Processing by HomeController#index as HTML
  [1m[36m (0.5ms)[0m  [1mSELECT COUNT(count_column) FROM (SELECT 1 AS count_column FROM "posts" LIMIT 5) subquery_for_count[0m
  [1m[35mPost Load (17.2ms)[0m  SELECT "posts".* FROM "posts" ORDER BY created_at DESC LIMIT 5
  Rendered home/index.html.erb within layouts/application (19.7ms)
Completed 200 OK in 25ms (Views: 6.1ms | ActiveRecord: 17.7ms)


Started GET "/assets/application.css?body=1" for 127.0.0.1 at 2014-03-11 20:38:24 -0500


Started GET "/assets/application.js?body=1" for 127.0.0.1 at 2014-03-11 20:38:24 -0500


Started GET "/assets/turbolinks.js?body=1" for 127.0.0.1 at 2014-03-11 20:38:24 -0500


Started GET "/assets/jquery.js?body=1" for 127.0.0.1 at 2014-03-11 20:38:24 -0500


Started GET "/assets/jquery_ujs.js?body=1" for 127.0.0.1 at 2014-03-11 20:38:24 -0500


Started GET "/posts" for 127.0.0.1 at 2014-03-11 20:38:26 -0500
Processing by PostsController#index as HTML
  [1m[36m (0.4ms)[0m  [1mSELECT COUNT(*) FROM "posts"[0m
  [1m[35mPost Load (0.3ms)[0m  SELECT "posts".* FROM "posts"
  Rendered posts/index.html.erb within layouts/application (2.1ms)
Completed 200 OK in 33ms (Views: 31.0ms | ActiveRecord: 0.7ms)


Started GET "/admin/posts/1" for 127.0.0.1 at 2014-03-11 20:41:01 -0500
Processing by Admin::PostsController#show as HTML
  Parameters: {"id"=>"1"}
  [1m[36mPost Load (0.4ms)[0m  [1mSELECT "posts".* FROM "posts" WHERE "posts"."id" = $1 LIMIT 1[0m  [["id", "1"]]
  Rendered admin/posts/show.html.erb within layouts/application (0.8ms)
Completed 200 OK in 8ms (Views: 5.5ms | ActiveRecord: 0.4ms)


Started GET "/assets/jquery_ujs.js?body=1" for 127.0.0.1 at 2014-03-11 20:41:01 -0500


Started GET "/assets/jquery.js?body=1" for 127.0.0.1 at 2014-03-11 20:41:01 -0500


Started GET "/assets/turbolinks.js?body=1" for 127.0.0.1 at 2014-03-11 20:41:01 -0500


Started GET "/assets/application.css?body=1" for 127.0.0.1 at 2014-03-11 20:41:01 -0500


Started GET "/assets/application.js?body=1" for 127.0.0.1 at 2014-03-11 20:41:01 -0500


Started GET "/admin/posts/1" for 127.0.0.1 at 2014-03-11 20:49:47 -0500
Processing by Admin::PostsController#show as HTML
  Parameters: {"id"=>"1"}
  [1m[35mPost Load (0.4ms)[0m  SELECT "posts".* FROM "posts" WHERE "posts"."id" = $1 LIMIT 1  [["id", "1"]]
  Rendered admin/posts/show.html.erb within layouts/application (0.7ms)
Completed 200 OK in 6ms (Views: 4.5ms | ActiveRecord: 0.4ms)


Started GET "/assets/application.css?body=1" for 127.0.0.1 at 2014-03-11 20:49:47 -0500


Started GET "/assets/jquery.js?body=1" for 127.0.0.1 at 2014-03-11 20:49:47 -0500


Started GET "/assets/turbolinks.js?body=1" for 127.0.0.1 at 2014-03-11 20:49:47 -0500


Started GET "/assets/jquery_ujs.js?body=1" for 127.0.0.1 at 2014-03-11 20:49:47 -0500


Started GET "/assets/application.js?body=1" for 127.0.0.1 at 2014-03-11 20:49:47 -0500


Started GET "/posts" for 127.0.0.1 at 2014-03-11 20:49:49 -0500
Processing by PostsController#index as HTML
  [1m[36m (0.4ms)[0m  [1mSELECT COUNT(*) FROM "posts"[0m
  [1m[35mPost Load (0.3ms)[0m  SELECT "posts".* FROM "posts"
  Rendered posts/index.html.erb within layouts/application (3.5ms)
Completed 200 OK in 24ms (Views: 22.1ms | ActiveRecord: 0.7ms)


Started GET "/assets/jquery.js?body=1" for 127.0.0.1 at 2014-03-11 20:49:49 -0500


Started GET "/assets/application.js?body=1" for 127.0.0.1 at 2014-03-11 20:49:49 -0500


Started GET "/assets/turbolinks.js?body=1" for 127.0.0.1 at 2014-03-11 20:49:50 -0500


Started GET "/assets/application.css?body=1" for 127.0.0.1 at 2014-03-11 20:49:50 -0500


Started GET "/assets/jquery_ujs.js?body=1" for 127.0.0.1 at 2014-03-11 20:49:50 -0500


Started GET "/admin" for 127.0.0.1 at 2014-03-11 21:11:02 -0500

ActionController::RoutingError (No route matches [GET] "/admin"):
  actionpack (4.0.2) lib/action_dispatch/middleware/debug_exceptions.rb:21:in `call'
  actionpack (4.0.2) lib/action_dispatch/middleware/show_exceptions.rb:30:in `call'
  railties (4.0.2) lib/rails/rack/logger.rb:38:in `call_app'
  railties (4.0.2) lib/rails/rack/logger.rb:20:in `block in call'
  activesupport (4.0.2) lib/active_support/tagged_logging.rb:67:in `block in tagged'
  activesupport (4.0.2) lib/active_support/tagged_logging.rb:25:in `tagged'
  activesupport (4.0.2) lib/active_support/tagged_logging.rb:67:in `tagged'
  railties (4.0.2) lib/rails/rack/logger.rb:20:in `call'
  actionpack (4.0.2) lib/action_dispatch/middleware/request_id.rb:21:in `call'
  rack (1.5.2) lib/rack/methodoverride.rb:21:in `call'
  rack (1.5.2) lib/rack/runtime.rb:17:in `call'
  activesupport (4.0.2) lib/active_support/cache/strategy/local_cache.rb:83:in `call'
  rack (1.5.2) lib/rack/lock.rb:17:in `call'
  actionpack (4.0.2) lib/action_dispatch/middleware/static.rb:64:in `call'
  rack (1.5.2) lib/rack/sendfile.rb:112:in `call'
  railties (4.0.2) lib/rails/engine.rb:511:in `call'
  railties (4.0.2) lib/rails/application.rb:97:in `call'
  rack (1.5.2) lib/rack/lock.rb:17:in `call'
  rack (1.5.2) lib/rack/content_length.rb:14:in `call'
  rack (1.5.2) lib/rack/handler/webrick.rb:60:in `service'
  /Users/apprentice/.rbenv/versions/1.9.3-p484/lib/ruby/1.9.1/webrick/httpserver.rb:138:in `service'
  /Users/apprentice/.rbenv/versions/1.9.3-p484/lib/ruby/1.9.1/webrick/httpserver.rb:94:in `run'
  /Users/apprentice/.rbenv/versions/1.9.3-p484/lib/ruby/1.9.1/webrick/server.rb:191:in `block in start_thread'


  Rendered /Users/apprentice/.rbenv/versions/1.9.3-p484/lib/ruby/gems/1.9.1/gems/actionpack-4.0.2/lib/action_dispatch/middleware/templates/rescues/_trace.erb (1.1ms)
  Rendered /Users/apprentice/.rbenv/versions/1.9.3-p484/lib/ruby/gems/1.9.1/gems/actionpack-4.0.2/lib/action_dispatch/middleware/templates/routes/_route.html.erb (1.7ms)
  Rendered /Users/apprentice/.rbenv/versions/1.9.3-p484/lib/ruby/gems/1.9.1/gems/actionpack-4.0.2/lib/action_dispatch/middleware/templates/routes/_table.html.erb (21.8ms)
  Rendered /Users/apprentice/.rbenv/versions/1.9.3-p484/lib/ruby/gems/1.9.1/gems/actionpack-4.0.2/lib/action_dispatch/middleware/templates/rescues/routing_error.erb within rescues/layout (54.6ms)


Started GET "/admin/posts" for 127.0.0.1 at 2014-03-11 21:11:09 -0500
Processing by Admin::PostsController#index as HTML
  [1m[36m (0.2ms)[0m  [1mSELECT COUNT(*) FROM "posts"[0m
  [1m[35mPost Load (0.2ms)[0m  SELECT "posts".* FROM "posts"
  Rendered admin/posts/index.html.erb within layouts/application (36.7ms)
Completed 200 OK in 45ms (Views: 39.2ms | ActiveRecord: 1.8ms)


Started GET "/assets/application.css?body=1" for 127.0.0.1 at 2014-03-11 21:11:09 -0500


Started GET "/assets/jquery_ujs.js?body=1" for 127.0.0.1 at 2014-03-11 21:11:09 -0500


Started GET "/assets/turbolinks.js?body=1" for 127.0.0.1 at 2014-03-11 21:11:09 -0500


Started GET "/assets/jquery.js?body=1" for 127.0.0.1 at 2014-03-11 21:11:09 -0500


Started GET "/assets/application.js?body=1" for 127.0.0.1 at 2014-03-11 21:11:09 -0500


Started GET "/admin/posts" for 127.0.0.1 at 2014-03-11 21:11:17 -0500
Processing by Admin::PostsController#index as HTML
  [1m[36m (0.2ms)[0m  [1mSELECT COUNT(*) FROM "posts"[0m
  [1m[35mPost Load (0.2ms)[0m  SELECT "posts".* FROM "posts"
  Rendered admin/posts/index.html.erb within layouts/application (9.3ms)
Completed 200 OK in 15ms (Views: 10.7ms | ActiveRecord: 2.2ms)


Started GET "/assets/turbolinks.js?body=1" for 127.0.0.1 at 2014-03-11 21:11:17 -0500


Started GET "/assets/jquery_ujs.js?body=1" for 127.0.0.1 at 2014-03-11 21:11:17 -0500


Started GET "/assets/application.css?body=1" for 127.0.0.1 at 2014-03-11 21:11:17 -0500


Started GET "/assets/jquery.js?body=1" for 127.0.0.1 at 2014-03-11 21:11:17 -0500


Started GET "/assets/application.js?body=1" for 127.0.0.1 at 2014-03-11 21:11:17 -0500


Started GET "/admin/posts" for 127.0.0.1 at 2014-03-11 21:11:21 -0500
Processing by Admin::PostsController#index as HTML
  [1m[36m (0.4ms)[0m  [1mSELECT COUNT(*) FROM "posts"[0m
  [1m[35mPost Load (0.3ms)[0m  SELECT "posts".* FROM "posts"
  Rendered admin/posts/index.html.erb within layouts/application (2.8ms)
Completed 200 OK in 8ms (Views: 6.2ms | ActiveRecord: 0.7ms)


Started GET "/assets/jquery_ujs.js?body=1" for 127.0.0.1 at 2014-03-11 21:11:21 -0500


Started GET "/assets/jquery.js?body=1" for 127.0.0.1 at 2014-03-11 21:11:21 -0500


Started GET "/assets/application.css?body=1" for 127.0.0.1 at 2014-03-11 21:11:21 -0500


Started GET "/assets/turbolinks.js?body=1" for 127.0.0.1 at 2014-03-11 21:11:21 -0500


Started GET "/assets/application.js?body=1" for 127.0.0.1 at 2014-03-11 21:11:21 -0500


Started GET "/admin/posts" for 127.0.0.1 at 2014-03-11 21:11:26 -0500
Processing by Admin::PostsController#index as HTML
  [1m[36m (0.4ms)[0m  [1mSELECT COUNT(*) FROM "posts"[0m
  [1m[35mPost Load (0.3ms)[0m  SELECT "posts".* FROM "posts"
  Rendered admin/posts/index.html.erb within layouts/application (2.6ms)
Completed 200 OK in 8ms (Views: 6.4ms | ActiveRecord: 0.7ms)


Started GET "/assets/jquery_ujs.js?body=1" for 127.0.0.1 at 2014-03-11 21:11:26 -0500


Started GET "/assets/application.css?body=1" for 127.0.0.1 at 2014-03-11 21:11:26 -0500


Started GET "/assets/jquery.js?body=1" for 127.0.0.1 at 2014-03-11 21:11:26 -0500


Started GET "/assets/turbolinks.js?body=1" for 127.0.0.1 at 2014-03-11 21:11:26 -0500


Started GET "/assets/application.js?body=1" for 127.0.0.1 at 2014-03-11 21:11:26 -0500


Started GET "/posts" for 127.0.0.1 at 2014-03-11 21:11:32 -0500
Processing by PostsController#index as HTML
  [1m[36m (0.4ms)[0m  [1mSELECT COUNT(*) FROM "posts"[0m
  [1m[35mPost Load (0.2ms)[0m  SELECT "posts".* FROM "posts"
  Rendered posts/index.html.erb within layouts/application (2.2ms)
Completed 200 OK in 7ms (Views: 5.4ms | ActiveRecord: 0.6ms)


Started GET "/assets/application.css?body=1" for 127.0.0.1 at 2014-03-11 21:11:32 -0500


Started GET "/assets/jquery_ujs.js?body=1" for 127.0.0.1 at 2014-03-11 21:11:32 -0500


Started GET "/assets/turbolinks.js?body=1" for 127.0.0.1 at 2014-03-11 21:11:32 -0500


Started GET "/assets/jquery.js?body=1" for 127.0.0.1 at 2014-03-11 21:11:32 -0500


Started GET "/assets/application.js?body=1" for 127.0.0.1 at 2014-03-11 21:11:32 -0500


Started GET "/admin/posts" for 127.0.0.1 at 2014-03-11 21:11:38 -0500
Processing by Admin::PostsController#index as HTML
  [1m[36m (0.4ms)[0m  [1mSELECT COUNT(*) FROM "posts"[0m
  [1m[35mPost Load (0.2ms)[0m  SELECT "posts".* FROM "posts"
  Rendered admin/posts/index.html.erb within layouts/application (2.4ms)
Completed 200 OK in 7ms (Views: 5.0ms | ActiveRecord: 0.7ms)


Started GET "/assets/turbolinks.js?body=1" for 127.0.0.1 at 2014-03-11 21:11:38 -0500


Started GET "/assets/application.css?body=1" for 127.0.0.1 at 2014-03-11 21:11:38 -0500


Started GET "/assets/jquery_ujs.js?body=1" for 127.0.0.1 at 2014-03-11 21:11:38 -0500


Started GET "/assets/application.js?body=1" for 127.0.0.1 at 2014-03-11 21:11:38 -0500


Started GET "/assets/jquery.js?body=1" for 127.0.0.1 at 2014-03-11 21:11:38 -0500


Started GET "/admin/posts" for 127.0.0.1 at 2014-03-11 21:12:23 -0500
Processing by Admin::PostsController#index as HTML
  [1m[36m (0.4ms)[0m  [1mSELECT COUNT(*) FROM "posts"[0m
  [1m[35mPost Load (0.2ms)[0m  SELECT "posts".* FROM "posts"
  Rendered admin/posts/index.html.erb within layouts/application (2.1ms)
Completed 200 OK in 6ms (Views: 4.8ms | ActiveRecord: 0.6ms)


Started GET "/assets/application.css?body=1" for 127.0.0.1 at 2014-03-11 21:12:23 -0500


Started GET "/assets/jquery.js?body=1" for 127.0.0.1 at 2014-03-11 21:12:23 -0500


Started GET "/assets/application.js?body=1" for 127.0.0.1 at 2014-03-11 21:12:23 -0500


Started GET "/assets/turbolinks.js?body=1" for 127.0.0.1 at 2014-03-11 21:12:23 -0500


Started GET "/assets/jquery_ujs.js?body=1" for 127.0.0.1 at 2014-03-11 21:12:23 -0500


Started GET "/admin/posts" for 127.0.0.1 at 2014-03-11 21:12:46 -0500
  [1m[36mActiveRecord::SchemaMigration Load (0.5ms)[0m  [1mSELECT "schema_migrations".* FROM "schema_migrations"[0m
Processing by Admin::PostsController#index as HTML
  [1m[35m (0.5ms)[0m  SELECT COUNT(*) FROM "posts"
  [1m[36mPost Load (0.2ms)[0m  [1mSELECT "posts".* FROM "posts"[0m
  Rendered admin/posts/index.html.erb within layouts/application (12.7ms)
Completed 200 OK in 158ms (Views: 127.9ms | ActiveRecord: 2.3ms)


Started GET "/assets/application.css?body=1" for 127.0.0.1 at 2014-03-11 21:12:47 -0500


Started GET "/assets/application.js?body=1" for 127.0.0.1 at 2014-03-11 21:12:47 -0500


Started GET "/assets/jquery.js?body=1" for 127.0.0.1 at 2014-03-11 21:12:47 -0500


Started GET "/assets/turbolinks.js?body=1" for 127.0.0.1 at 2014-03-11 21:12:47 -0500


Started GET "/assets/jquery_ujs.js?body=1" for 127.0.0.1 at 2014-03-11 21:12:47 -0500


Started GET "/admin/posts" for 127.0.0.1 at 2014-03-11 21:12:48 -0500
Processing by Admin::PostsController#index as HTML
  [1m[35m (0.6ms)[0m  SELECT COUNT(*) FROM "posts"
  [1m[36mPost Load (0.2ms)[0m  [1mSELECT "posts".* FROM "posts"[0m
  Rendered admin/posts/index.html.erb within layouts/application (2.7ms)
Completed 200 OK in 6ms (Views: 5.1ms | ActiveRecord: 0.8ms)


Started GET "/assets/application.css?body=1" for 127.0.0.1 at 2014-03-11 21:12:48 -0500


Started GET "/assets/jquery_ujs.js?body=1" for 127.0.0.1 at 2014-03-11 21:12:48 -0500


Started GET "/assets/turbolinks.js?body=1" for 127.0.0.1 at 2014-03-11 21:12:48 -0500


Started GET "/assets/jquery.js?body=1" for 127.0.0.1 at 2014-03-11 21:12:48 -0500


Started GET "/assets/application.js?body=1" for 127.0.0.1 at 2014-03-11 21:12:48 -0500


Started GET "/admin/posts" for 127.0.0.1 at 2014-03-11 21:12:49 -0500
Processing by Admin::PostsController#index as HTML
  [1m[35m (0.4ms)[0m  SELECT COUNT(*) FROM "posts"
  [1m[36mPost Load (0.2ms)[0m  [1mSELECT "posts".* FROM "posts"[0m
  Rendered admin/posts/index.html.erb within layouts/application (1.8ms)
Completed 200 OK in 5ms (Views: 4.1ms | ActiveRecord: 0.6ms)


Started GET "/assets/application.css?body=1" for 127.0.0.1 at 2014-03-11 21:12:49 -0500


Started GET "/assets/turbolinks.js?body=1" for 127.0.0.1 at 2014-03-11 21:12:49 -0500


Started GET "/assets/jquery_ujs.js?body=1" for 127.0.0.1 at 2014-03-11 21:12:49 -0500


Started GET "/assets/jquery.js?body=1" for 127.0.0.1 at 2014-03-11 21:12:49 -0500


Started GET "/assets/application.js?body=1" for 127.0.0.1 at 2014-03-11 21:12:49 -0500


Started DELETE "/admin/posts/1" for 127.0.0.1 at 2014-03-11 21:13:00 -0500
Processing by Admin::PostsController#destroy as HTML
  Parameters: {"authenticity_token"=>"9P7VxAhbSK144vxDLjuEVreNijlbLz8kDykSTydBVY8=", "id"=>"1"}
  [1m[35mPost Load (1.3ms)[0m  SELECT "posts".* FROM "posts" WHERE "posts"."id" = $1 LIMIT 1  [["id", "1"]]
  [1m[36m (0.2ms)[0m  [1mBEGIN[0m
  [1m[35mSQL (5.9ms)[0m  DELETE FROM "posts" WHERE "posts"."id" = $1  [["id", 1]]
  [1m[36m (0.5ms)[0m  [1mCOMMIT[0m
Redirected to http://localhost:3000/admin/posts
Completed 302 Found in 13ms (ActiveRecord: 8.1ms)


Started GET "/admin/posts" for 127.0.0.1 at 2014-03-11 21:13:00 -0500
Processing by Admin::PostsController#index as HTML
  [1m[35m (0.3ms)[0m  SELECT COUNT(*) FROM "posts"
  Rendered admin/posts/index.html.erb within layouts/application (1.0ms)
Completed 200 OK in 5ms (Views: 3.7ms | ActiveRecord: 0.3ms)


Started GET "/assets/application.css?body=1" for 127.0.0.1 at 2014-03-11 21:13:00 -0500


Started GET "/assets/jquery.js?body=1" for 127.0.0.1 at 2014-03-11 21:13:00 -0500


Started GET "/assets/turbolinks.js?body=1" for 127.0.0.1 at 2014-03-11 21:13:00 -0500


Started GET "/assets/jquery_ujs.js?body=1" for 127.0.0.1 at 2014-03-11 21:13:00 -0500


Started GET "/assets/application.js?body=1" for 127.0.0.1 at 2014-03-11 21:13:00 -0500


Started GET "/admin" for 127.0.0.1 at 2014-03-11 21:13:03 -0500

ActionController::RoutingError (No route matches [GET] "/admin"):
  actionpack (4.0.2) lib/action_dispatch/middleware/debug_exceptions.rb:21:in `call'
  actionpack (4.0.2) lib/action_dispatch/middleware/show_exceptions.rb:30:in `call'
  railties (4.0.2) lib/rails/rack/logger.rb:38:in `call_app'
  railties (4.0.2) lib/rails/rack/logger.rb:20:in `block in call'
  activesupport (4.0.2) lib/active_support/tagged_logging.rb:67:in `block in tagged'
  activesupport (4.0.2) lib/active_support/tagged_logging.rb:25:in `tagged'
  activesupport (4.0.2) lib/active_support/tagged_logging.rb:67:in `tagged'
  railties (4.0.2) lib/rails/rack/logger.rb:20:in `call'
  actionpack (4.0.2) lib/action_dispatch/middleware/request_id.rb:21:in `call'
  rack (1.5.2) lib/rack/methodoverride.rb:21:in `call'
  rack (1.5.2) lib/rack/runtime.rb:17:in `call'
  activesupport (4.0.2) lib/active_support/cache/strategy/local_cache.rb:83:in `call'
  rack (1.5.2) lib/rack/lock.rb:17:in `call'
  actionpack (4.0.2) lib/action_dispatch/middleware/static.rb:64:in `call'
  rack (1.5.2) lib/rack/sendfile.rb:112:in `call'
  railties (4.0.2) lib/rails/engine.rb:511:in `call'
  railties (4.0.2) lib/rails/application.rb:97:in `call'
  rack (1.5.2) lib/rack/lock.rb:17:in `call'
  rack (1.5.2) lib/rack/content_length.rb:14:in `call'
  rack (1.5.2) lib/rack/handler/webrick.rb:60:in `service'
  /Users/apprentice/.rbenv/versions/1.9.3-p484/lib/ruby/1.9.1/webrick/httpserver.rb:138:in `service'
  /Users/apprentice/.rbenv/versions/1.9.3-p484/lib/ruby/1.9.1/webrick/httpserver.rb:94:in `run'
  /Users/apprentice/.rbenv/versions/1.9.3-p484/lib/ruby/1.9.1/webrick/server.rb:191:in `block in start_thread'


  Rendered /Users/apprentice/.rbenv/versions/1.9.3-p484/lib/ruby/gems/1.9.1/gems/actionpack-4.0.2/lib/action_dispatch/middleware/templates/rescues/_trace.erb (1.3ms)
  Rendered /Users/apprentice/.rbenv/versions/1.9.3-p484/lib/ruby/gems/1.9.1/gems/actionpack-4.0.2/lib/action_dispatch/middleware/templates/routes/_route.html.erb (1.5ms)
  Rendered /Users/apprentice/.rbenv/versions/1.9.3-p484/lib/ruby/gems/1.9.1/gems/actionpack-4.0.2/lib/action_dispatch/middleware/templates/routes/_table.html.erb (31.8ms)
  Rendered /Users/apprentice/.rbenv/versions/1.9.3-p484/lib/ruby/gems/1.9.1/gems/actionpack-4.0.2/lib/action_dispatch/middleware/templates/rescues/routing_error.erb within rescues/layout (58.5ms)


Started GET "/" for 127.0.0.1 at 2014-03-11 21:13:05 -0500
Processing by HomeController#index as HTML
  [1m[36m (0.5ms)[0m  [1mSELECT COUNT(count_column) FROM (SELECT 1 AS count_column FROM "posts" LIMIT 5) subquery_for_count[0m
  Rendered home/index.html.erb within layouts/application (3.2ms)
Completed 200 OK in 8ms (Views: 6.6ms | ActiveRecord: 0.5ms)


Started GET "/assets/application.css?body=1" for 127.0.0.1 at 2014-03-11 21:13:06 -0500


Started GET "/assets/turbolinks.js?body=1" for 127.0.0.1 at 2014-03-11 21:13:06 -0500


Started GET "/assets/application.js?body=1" for 127.0.0.1 at 2014-03-11 21:13:06 -0500


Started GET "/assets/jquery_ujs.js?body=1" for 127.0.0.1 at 2014-03-11 21:13:06 -0500


Started GET "/assets/jquery.js?body=1" for 127.0.0.1 at 2014-03-11 21:13:06 -0500


Started GET "/posts" for 127.0.0.1 at 2014-03-11 21:13:07 -0500
Processing by PostsController#index as HTML
  [1m[35m (0.3ms)[0m  SELECT COUNT(*) FROM "posts"
  Rendered posts/index.html.erb within layouts/application (1.8ms)
Completed 200 OK in 9ms (Views: 6.9ms | ActiveRecord: 0.3ms)


Started GET "/admin/posts" for 127.0.0.1 at 2014-03-11 21:13:12 -0500
Processing by Admin::PostsController#index as HTML
  [1m[36m (0.4ms)[0m  [1mSELECT COUNT(*) FROM "posts"[0m
  Rendered admin/posts/index.html.erb within layouts/application (1.2ms)
Completed 200 OK in 6ms (Views: 5.0ms | ActiveRecord: 0.4ms)


Started GET "/assets/application.css?body=1" for 127.0.0.1 at 2014-03-11 21:13:12 -0500


Started GET "/assets/turbolinks.js?body=1" for 127.0.0.1 at 2014-03-11 21:13:12 -0500


Started GET "/assets/jquery.js?body=1" for 127.0.0.1 at 2014-03-11 21:13:12 -0500


Started GET "/assets/jquery_ujs.js?body=1" for 127.0.0.1 at 2014-03-11 21:13:12 -0500


Started GET "/assets/application.js?body=1" for 127.0.0.1 at 2014-03-11 21:13:12 -0500


Started GET "/admin/posts" for 127.0.0.1 at 2014-03-11 21:13:34 -0500
Processing by Admin::PostsController#index as HTML
  [1m[35m (0.4ms)[0m  SELECT COUNT(*) FROM "posts"
  Rendered admin/posts/index.html.erb within layouts/application (1.2ms)
Completed 200 OK in 6ms (Views: 4.4ms | ActiveRecord: 0.4ms)


Started GET "/assets/application.css?body=1" for 127.0.0.1 at 2014-03-11 21:13:34 -0500


Started GET "/assets/turbolinks.js?body=1" for 127.0.0.1 at 2014-03-11 21:13:34 -0500


Started GET "/assets/jquery.js?body=1" for 127.0.0.1 at 2014-03-11 21:13:34 -0500


Started GET "/assets/jquery_ujs.js?body=1" for 127.0.0.1 at 2014-03-11 21:13:34 -0500


Started GET "/assets/application.js?body=1" for 127.0.0.1 at 2014-03-11 21:13:34 -0500


Started GET "/admin/posts" for 127.0.0.1 at 2014-03-11 21:15:00 -0500
Processing by Admin::PostsController#index as HTML
  [1m[36m (0.2ms)[0m  [1mSELECT COUNT(*) FROM "posts"[0m
  Rendered admin/posts/index.html.erb within layouts/application (3.7ms)
Completed 200 OK in 9ms (Views: 4.6ms | ActiveRecord: 2.1ms)


Started GET "/assets/application.css?body=1" for 127.0.0.1 at 2014-03-11 21:15:00 -0500


Started GET "/assets/turbolinks.js?body=1" for 127.0.0.1 at 2014-03-11 21:15:00 -0500


Started GET "/assets/jquery.js?body=1" for 127.0.0.1 at 2014-03-11 21:15:00 -0500


Started GET "/assets/application.js?body=1" for 127.0.0.1 at 2014-03-11 21:15:00 -0500


Started GET "/assets/jquery_ujs.js?body=1" for 127.0.0.1 at 2014-03-11 21:15:00 -0500


Started GET "/admin/posts/new" for 127.0.0.1 at 2014-03-11 21:15:33 -0500
Processing by Admin::PostsController#new as HTML
  Rendered admin/posts/_form.html.erb (47.6ms)
  Rendered admin/posts/new.html.erb within layouts/application (49.3ms)
Completed 200 OK in 55ms (Views: 53.4ms | ActiveRecord: 0.0ms)


Started POST "/admin/posts" for 127.0.0.1 at 2014-03-11 21:15:40 -0500
Processing by Admin::PostsController#create as HTML
  Parameters: {"utf8"=>"✓", "authenticity_token"=>"9P7VxAhbSK144vxDLjuEVreNijlbLz8kDykSTydBVY8=", "post"=>{"title"=>"Test", "content"=>"testing", "is_published"=>"1"}, "commit"=>"Save"}
  [1m[35m (0.2ms)[0m  BEGIN
  [1m[36mSQL (2.7ms)[0m  [1mINSERT INTO "posts" ("content", "created_at", "is_published", "slug", "title", "updated_at") VALUES ($1, $2, $3, $4, $5, $6) RETURNING "id"[0m  [["content", "testing"], ["created_at", Wed, 12 Mar 2014 02:15:40 UTC +00:00], ["is_published", true], ["slug", "new-post"], ["title", "Test"], ["updated_at", Wed, 12 Mar 2014 02:15:40 UTC +00:00]]
  [1m[35m (24.5ms)[0m  COMMIT
Redirected to http://localhost:3000/admin/posts/2
Completed 302 Found in 33ms (ActiveRecord: 27.4ms)


Started GET "/admin/posts/2" for 127.0.0.1 at 2014-03-11 21:15:40 -0500
Processing by Admin::PostsController#show as HTML
  Parameters: {"id"=>"2"}
  [1m[36mPost Load (0.4ms)[0m  [1mSELECT "posts".* FROM "posts" WHERE "posts"."id" = $1 LIMIT 1[0m  [["id", "2"]]
  Rendered admin/posts/show.html.erb within layouts/application (5.1ms)
Completed 200 OK in 11ms (Views: 8.5ms | ActiveRecord: 0.4ms)


Started GET "/assets/application.css?body=1" for 127.0.0.1 at 2014-03-11 21:15:40 -0500


Started GET "/assets/jquery_ujs.js?body=1" for 127.0.0.1 at 2014-03-11 21:15:40 -0500


Started GET "/assets/jquery.js?body=1" for 127.0.0.1 at 2014-03-11 21:15:40 -0500


Started GET "/assets/turbolinks.js?body=1" for 127.0.0.1 at 2014-03-11 21:15:40 -0500


Started GET "/assets/application.js?body=1" for 127.0.0.1 at 2014-03-11 21:15:40 -0500


Started GET "/admin/posts" for 127.0.0.1 at 2014-03-11 21:15:42 -0500
Processing by Admin::PostsController#index as HTML
  [1m[35m (0.6ms)[0m  SELECT COUNT(*) FROM "posts"
  [1m[36mPost Load (0.7ms)[0m  [1mSELECT "posts".* FROM "posts"[0m
  Rendered admin/posts/index.html.erb within layouts/application (4.6ms)
Completed 200 OK in 9ms (Views: 7.3ms | ActiveRecord: 1.3ms)
